#
# There is insufficient memory for the Java Runtime Environment to continue.
# Native memory allocation (malloc) failed to allocate 546320 bytes for Chunk::new
# Possible reasons:
#   The system is out of physical RAM or swap space
#   The process is running with CompressedOops enabled, and the Java Heap may be blocking the growth of the native heap
# Possible solutions:
#   Reduce memory load on the system
#   Increase physical memory or swap space
#   Check if swap backing store is full
#   Decrease Java heap size (-Xmx/-Xms)
#   Decrease number of Java threads
#   Decrease Java thread stack sizes (-Xss)
#   Set larger code cache with -XX:ReservedCodeCacheSize=
#   JVM is running with Unscaled Compressed Oops mode in which the Java heap is
#     placed in the first 4GB address space. The Java Heap base address is the
#     maximum limit for the native heap growth. Please use -XX:HeapBaseMinAddress
#     to set the Java Heap base and to place the Java Heap above 4GB virtual address.
# This output file may be truncated or incomplete.
#
#  Out of Memory Error (arena.cpp:189), pid=15724, tid=17376
#
# JRE version: Java(TM) SE Runtime Environment (17.0.14+8) (build 17.0.14+8-LTS-191)
# Java VM: Java HotSpot(TM) 64-Bit Server VM (17.0.14+8-LTS-191, mixed mode, sharing, tiered, compressed oops, compressed class ptrs, g1 gc, windows-amd64)
# No core dump will be written. Minidumps are not enabled by default on client versions of Windows
#

---------------  S U M M A R Y ------------

Command Line: -javaagent:D:\.Intellij\IntelliJ IDEA Community Edition 2024.2.0.2\lib\idea_rt.jar=28921:D:\.Intellij\IntelliJ IDEA Community Edition 2024.2.0.2\bin -Dfile.encoding=UTF-8 com.website.RRE.RreApplication

Host: 11th Gen Intel(R) Core(TM) i5-1135G7 @ 2.40GHz, 8 cores, 7G,  Windows 11 , 64 bit Build 22621 (10.0.22621.5262)
Time: Thu May 15 19:40:50 2025 E. Africa Standard Time elapsed time: 1.438168 seconds (0d 0h 0m 1s)

---------------  T H R E A D  ---------------

Current thread (0x0000026aae6cf7c0):  JavaThread "C2 CompilerThread0" daemon [_thread_in_native, id=17376, stack(0x000000e6b0100000,0x000000e6b0200000)]


Current CompileTask:
C2:   1438 2466       4       jdk.internal.jimage.BasicImageReader::verifyLocation (39 bytes)

Stack: [0x000000e6b0100000,0x000000e6b0200000]
Native frames: (J=compiled Java code, j=interpreted, Vv=VM code, C=native code)
V  [jvm.dll+0x67a38a]
V  [jvm.dll+0x7da7ed]
V  [jvm.dll+0x7dc133]
V  [jvm.dll+0x7dc7a3]
V  [jvm.dll+0x24517f]
V  [jvm.dll+0xab773]
V  [jvm.dll+0xabd3c]
V  [jvm.dll+0x361e4e]
V  [jvm.dll+0x1ba28a]
V  [jvm.dll+0x216a97]
V  [jvm.dll+0x215d6f]
V  [jvm.dll+0x1a2950]
V  [jvm.dll+0x22620b]
V  [jvm.dll+0x2243ab]
V  [jvm.dll+0x790bbc]
V  [jvm.dll+0x78b04a]
V  [jvm.dll+0x679275]
C  [ucrtbase.dll+0x29333]
C  [KERNEL32.DLL+0x1259d]
C  [ntdll.dll+0x5af58]


---------------  P R O C E S S  ---------------

Threads class SMR info:
_java_thread_list=0x0000026af4c8e920, length=14, elements={
0x0000026a9060b750, 0x0000026aae69fee0, 0x0000026aae6a0aa0, 0x0000026aae6b6750,
0x0000026aae6b8720, 0x0000026aae6bb2f0, 0x0000026aae6bdcc0, 0x0000026aae6cf7c0,
0x0000026aae6d1190, 0x0000026aae6d1aa0, 0x0000026aae68a960, 0x0000026aaeabe3c0,
0x0000026aaeafd850, 0x0000026af41da4e0
}

Java Threads: ( => current thread )
  0x0000026a9060b750 JavaThread "main" [_thread_in_Java, id=11944, stack(0x000000e6af400000,0x000000e6af500000)]
  0x0000026aae69fee0 JavaThread "Reference Handler" daemon [_thread_blocked, id=16068, stack(0x000000e6afb00000,0x000000e6afc00000)]
  0x0000026aae6a0aa0 JavaThread "Finalizer" daemon [_thread_blocked, id=4856, stack(0x000000e6afc00000,0x000000e6afd00000)]
  0x0000026aae6b6750 JavaThread "Signal Dispatcher" daemon [_thread_blocked, id=18824, stack(0x000000e6afd00000,0x000000e6afe00000)]
  0x0000026aae6b8720 JavaThread "Attach Listener" daemon [_thread_blocked, id=7572, stack(0x000000e6afe00000,0x000000e6aff00000)]
  0x0000026aae6bb2f0 JavaThread "Service Thread" daemon [_thread_blocked, id=8236, stack(0x000000e6aff00000,0x000000e6b0000000)]
  0x0000026aae6bdcc0 JavaThread "Monitor Deflation Thread" daemon [_thread_blocked, id=18948, stack(0x000000e6b0000000,0x000000e6b0100000)]
=>0x0000026aae6cf7c0 JavaThread "C2 CompilerThread0" daemon [_thread_in_native, id=17376, stack(0x000000e6b0100000,0x000000e6b0200000)]
  0x0000026aae6d1190 JavaThread "C1 CompilerThread0" daemon [_thread_in_native, id=10836, stack(0x000000e6b0200000,0x000000e6b0300000)]
  0x0000026aae6d1aa0 JavaThread "Sweeper thread" daemon [_thread_blocked, id=5788, stack(0x000000e6b0300000,0x000000e6b0400000)]
  0x0000026aae68a960 JavaThread "Common-Cleaner" daemon [_thread_blocked, id=17452, stack(0x000000e6b0400000,0x000000e6b0500000)]
  0x0000026aaeabe3c0 JavaThread "Monitor Ctrl-Break" daemon [_thread_in_native, id=19124, stack(0x000000e6b0500000,0x000000e6b0600000)]
  0x0000026aaeafd850 JavaThread "Notification Thread" daemon [_thread_blocked, id=15440, stack(0x000000e6b0600000,0x000000e6b0700000)]
  0x0000026af41da4e0 JavaThread "C2 CompilerThread1" daemon [_thread_in_native, id=11116, stack(0x000000e6b0800000,0x000000e6b0900000)]

Other Threads:
  0x0000026aae69c440 VMThread "VM Thread" [stack: 0x000000e6afa00000,0x000000e6afb00000] [id=15056]
  0x0000026aae6a5db0 WatcherThread [stack: 0x000000e6b0700000,0x000000e6b0800000] [id=6888]
  0x0000026a906684b0 GCTaskThread "GC Thread#0" [stack: 0x000000e6af500000,0x000000e6af600000] [id=15780]
  0x0000026af4c2f050 GCTaskThread "GC Thread#1" [stack: 0x000000e6b0900000,0x000000e6b0a00000] [id=14656]
  0x0000026af43ff3a0 GCTaskThread "GC Thread#2" [stack: 0x000000e6b0a00000,0x000000e6b0b00000] [id=14020]
  0x0000026af440ae30 GCTaskThread "GC Thread#3" [stack: 0x000000e6b0b00000,0x000000e6b0c00000] [id=3132]
  0x0000026af440b0f0 GCTaskThread "GC Thread#4" [stack: 0x000000e6b0c00000,0x000000e6b0d00000] [id=19088]
  0x0000026af49783d0 GCTaskThread "GC Thread#5" [stack: 0x000000e6b0d00000,0x000000e6b0e00000] [id=13392]
  0x0000026af46ee0a0 GCTaskThread "GC Thread#6" [stack: 0x000000e6b0f00000,0x000000e6b1000000] [id=17692]
  0x0000026af46ec520 GCTaskThread "GC Thread#7" [stack: 0x000000e6b1000000,0x000000e6b1100000] [id=11204]
  0x0000026a90678dc0 ConcurrentGCThread "G1 Main Marker" [stack: 0x000000e6af600000,0x000000e6af700000] [id=14024]
  0x0000026a906797d0 ConcurrentGCThread "G1 Conc#0" [stack: 0x000000e6af700000,0x000000e6af800000] [id=1224]
  0x0000026a906ce8e0 ConcurrentGCThread "G1 Refine#0" [stack: 0x000000e6af800000,0x000000e6af900000] [id=14880]
  0x0000026aae558280 ConcurrentGCThread "G1 Service" [stack: 0x000000e6af900000,0x000000e6afa00000] [id=19152]

Threads with active compile tasks:
C2 CompilerThread0     1453 2466       4       jdk.internal.jimage.BasicImageReader::verifyLocation (39 bytes)
C2 CompilerThread1     1453 2429       4       jdk.internal.module.SystemModuleFinders$SystemModuleReader::containsImageLocation (42 bytes)

VM state: not at safepoint (normal execution)

VM Mutex/Monitor currently owned by a thread: None

Heap address: 0x0000000083200000, size: 1998 MB, Compressed Oops mode: 32-bit

CDS archive(s) mapped at: [0x0000026aaf000000-0x0000026aafbd0000-0x0000026aafbd0000), size 12386304, SharedBaseAddress: 0x0000026aaf000000, ArchiveRelocationMode: 1.
Compressed class space mapped at: 0x0000026ab0000000-0x0000026af0000000, reserved size: 1073741824
Narrow klass base: 0x0000026aaf000000, Narrow klass shift: 0, Narrow klass range: 0x100000000

GC Precious Log:
 CPUs: 8 total, 8 available
 Memory: 7991M
 Large Page Support: Disabled
 NUMA Support: Disabled
 Compressed Oops: Enabled (32-bit)
 Heap Region Size: 1M
 Heap Min Capacity: 8M
 Heap Initial Capacity: 126M
 Heap Max Capacity: 1998M
 Pre-touch: Disabled
 Parallel Workers: 8
 Concurrent Workers: 2
 Concurrent Refinement Workers: 8
 Periodic GC: Disabled

Heap:
 garbage-first heap   total 129024K, used 37621K [0x0000000083200000, 0x0000000100000000)
  region size 1024K, 32 young (32768K), 3 survivors (3072K)
 Metaspace       used 18839K, committed 19136K, reserved 1114112K
  class space    used 2332K, committed 2496K, reserved 1048576K

Heap Regions: E=young(eden), S=young(survivor), O=old, HS=humongous(starts), HC=humongous(continues), CS=collection set, F=free, OA=open archive, CA=closed archive, TAMS=top-at-mark-start (previous, next)
|   0|0x0000000083200000, 0x0000000083300000, 0x0000000083300000|100%|HS|  |TAMS 0x0000000083200000, 0x0000000083200000| Complete 
|   1|0x0000000083300000, 0x0000000083400000, 0x0000000083400000|100%|HS|  |TAMS 0x0000000083300000, 0x0000000083300000| Complete 
|   2|0x0000000083400000, 0x0000000083500000, 0x0000000083500000|100%| O|  |TAMS 0x0000000083400000, 0x0000000083400000| Untracked 
|   3|0x0000000083500000, 0x0000000083600000, 0x0000000083600000|100%| O|  |TAMS 0x0000000083500000, 0x0000000083500000| Untracked 
|   4|0x0000000083600000, 0x0000000083700000, 0x0000000083700000|100%| O|  |TAMS 0x0000000083600000, 0x0000000083600000| Untracked 
|   5|0x0000000083700000, 0x0000000083800000, 0x0000000083800000|100%| O|  |TAMS 0x0000000083700000, 0x0000000083700000| Untracked 
|   6|0x0000000083800000, 0x0000000083900000, 0x0000000083900000|100%| O|  |TAMS 0x0000000083800000, 0x0000000083800000| Untracked 
|   7|0x0000000083900000, 0x0000000083968600, 0x0000000083a00000| 40%| O|  |TAMS 0x0000000083900000, 0x0000000083900000| Untracked 
|   8|0x0000000083a00000, 0x0000000083a00000, 0x0000000083b00000|  0%| F|  |TAMS 0x0000000083a00000, 0x0000000083a00000| Untracked 
|   9|0x0000000083b00000, 0x0000000083b00000, 0x0000000083c00000|  0%| F|  |TAMS 0x0000000083b00000, 0x0000000083b00000| Untracked 
|  10|0x0000000083c00000, 0x0000000083c00000, 0x0000000083d00000|  0%| F|  |TAMS 0x0000000083c00000, 0x0000000083c00000| Untracked 
|  11|0x0000000083d00000, 0x0000000083d00000, 0x0000000083e00000|  0%| F|  |TAMS 0x0000000083d00000, 0x0000000083d00000| Untracked 
|  12|0x0000000083e00000, 0x0000000083e00000, 0x0000000083f00000|  0%| F|  |TAMS 0x0000000083e00000, 0x0000000083e00000| Untracked 
|  13|0x0000000083f00000, 0x0000000083f00000, 0x0000000084000000|  0%| F|  |TAMS 0x0000000083f00000, 0x0000000083f00000| Untracked 
|  14|0x0000000084000000, 0x0000000084000000, 0x0000000084100000|  0%| F|  |TAMS 0x0000000084000000, 0x0000000084000000| Untracked 
|  15|0x0000000084100000, 0x0000000084100000, 0x0000000084200000|  0%| F|  |TAMS 0x0000000084100000, 0x0000000084100000| Untracked 
|  16|0x0000000084200000, 0x0000000084200000, 0x0000000084300000|  0%| F|  |TAMS 0x0000000084200000, 0x0000000084200000| Untracked 
|  17|0x0000000084300000, 0x0000000084300000, 0x0000000084400000|  0%| F|  |TAMS 0x0000000084300000, 0x0000000084300000| Untracked 
|  18|0x0000000084400000, 0x0000000084400000, 0x0000000084500000|  0%| F|  |TAMS 0x0000000084400000, 0x0000000084400000| Untracked 
|  19|0x0000000084500000, 0x0000000084500000, 0x0000000084600000|  0%| F|  |TAMS 0x0000000084500000, 0x0000000084500000| Untracked 
|  20|0x0000000084600000, 0x0000000084600000, 0x0000000084700000|  0%| F|  |TAMS 0x0000000084600000, 0x0000000084600000| Untracked 
|  21|0x0000000084700000, 0x0000000084700000, 0x0000000084800000|  0%| F|  |TAMS 0x0000000084700000, 0x0000000084700000| Untracked 
|  22|0x0000000084800000, 0x0000000084800000, 0x0000000084900000|  0%| F|  |TAMS 0x0000000084800000, 0x0000000084800000| Untracked 
|  23|0x0000000084900000, 0x0000000084900000, 0x0000000084a00000|  0%| F|  |TAMS 0x0000000084900000, 0x0000000084900000| Untracked 
|  24|0x0000000084a00000, 0x0000000084a00000, 0x0000000084b00000|  0%| F|  |TAMS 0x0000000084a00000, 0x0000000084a00000| Untracked 
|  25|0x0000000084b00000, 0x0000000084b00000, 0x0000000084c00000|  0%| F|  |TAMS 0x0000000084b00000, 0x0000000084b00000| Untracked 
|  26|0x0000000084c00000, 0x0000000084c00000, 0x0000000084d00000|  0%| F|  |TAMS 0x0000000084c00000, 0x0000000084c00000| Untracked 
|  27|0x0000000084d00000, 0x0000000084d00000, 0x0000000084e00000|  0%| F|  |TAMS 0x0000000084d00000, 0x0000000084d00000| Untracked 
|  28|0x0000000084e00000, 0x0000000084e00000, 0x0000000084f00000|  0%| F|  |TAMS 0x0000000084e00000, 0x0000000084e00000| Untracked 
|  29|0x0000000084f00000, 0x0000000084f00000, 0x0000000085000000|  0%| F|  |TAMS 0x0000000084f00000, 0x0000000084f00000| Untracked 
|  30|0x0000000085000000, 0x0000000085000000, 0x0000000085100000|  0%| F|  |TAMS 0x0000000085000000, 0x0000000085000000| Untracked 
|  31|0x0000000085100000, 0x0000000085100000, 0x0000000085200000|  0%| F|  |TAMS 0x0000000085100000, 0x0000000085100000| Untracked 
|  32|0x0000000085200000, 0x0000000085200000, 0x0000000085300000|  0%| F|  |TAMS 0x0000000085200000, 0x0000000085200000| Untracked 
|  33|0x0000000085300000, 0x0000000085300000, 0x0000000085400000|  0%| F|  |TAMS 0x0000000085300000, 0x0000000085300000| Untracked 
|  34|0x0000000085400000, 0x0000000085400000, 0x0000000085500000|  0%| F|  |TAMS 0x0000000085400000, 0x0000000085400000| Untracked 
|  35|0x0000000085500000, 0x0000000085500000, 0x0000000085600000|  0%| F|  |TAMS 0x0000000085500000, 0x0000000085500000| Untracked 
|  36|0x0000000085600000, 0x0000000085600000, 0x0000000085700000|  0%| F|  |TAMS 0x0000000085600000, 0x0000000085600000| Untracked 
|  37|0x0000000085700000, 0x0000000085700000, 0x0000000085800000|  0%| F|  |TAMS 0x0000000085700000, 0x0000000085700000| Untracked 
|  38|0x0000000085800000, 0x0000000085800000, 0x0000000085900000|  0%| F|  |TAMS 0x0000000085800000, 0x0000000085800000| Untracked 
|  39|0x0000000085900000, 0x0000000085900000, 0x0000000085a00000|  0%| F|  |TAMS 0x0000000085900000, 0x0000000085900000| Untracked 
|  40|0x0000000085a00000, 0x0000000085a00000, 0x0000000085b00000|  0%| F|  |TAMS 0x0000000085a00000, 0x0000000085a00000| Untracked 
|  41|0x0000000085b00000, 0x0000000085b00000, 0x0000000085c00000|  0%| F|  |TAMS 0x0000000085b00000, 0x0000000085b00000| Untracked 
|  42|0x0000000085c00000, 0x0000000085c00000, 0x0000000085d00000|  0%| F|  |TAMS 0x0000000085c00000, 0x0000000085c00000| Untracked 
|  43|0x0000000085d00000, 0x0000000085d00000, 0x0000000085e00000|  0%| F|  |TAMS 0x0000000085d00000, 0x0000000085d00000| Untracked 
|  44|0x0000000085e00000, 0x0000000085e00000, 0x0000000085f00000|  0%| F|  |TAMS 0x0000000085e00000, 0x0000000085e00000| Untracked 
|  45|0x0000000085f00000, 0x0000000085f00000, 0x0000000086000000|  0%| F|  |TAMS 0x0000000085f00000, 0x0000000085f00000| Untracked 
|  46|0x0000000086000000, 0x0000000086000000, 0x0000000086100000|  0%| F|  |TAMS 0x0000000086000000, 0x0000000086000000| Untracked 
|  47|0x0000000086100000, 0x0000000086100000, 0x0000000086200000|  0%| F|  |TAMS 0x0000000086100000, 0x0000000086100000| Untracked 
|  48|0x0000000086200000, 0x0000000086200000, 0x0000000086300000|  0%| F|  |TAMS 0x0000000086200000, 0x0000000086200000| Untracked 
|  49|0x0000000086300000, 0x0000000086300000, 0x0000000086400000|  0%| F|  |TAMS 0x0000000086300000, 0x0000000086300000| Untracked 
|  50|0x0000000086400000, 0x0000000086400000, 0x0000000086500000|  0%| F|  |TAMS 0x0000000086400000, 0x0000000086400000| Untracked 
|  51|0x0000000086500000, 0x0000000086500000, 0x0000000086600000|  0%| F|  |TAMS 0x0000000086500000, 0x0000000086500000| Untracked 
|  52|0x0000000086600000, 0x0000000086600000, 0x0000000086700000|  0%| F|  |TAMS 0x0000000086600000, 0x0000000086600000| Untracked 
|  53|0x0000000086700000, 0x0000000086700000, 0x0000000086800000|  0%| F|  |TAMS 0x0000000086700000, 0x0000000086700000| Untracked 
|  54|0x0000000086800000, 0x0000000086800000, 0x0000000086900000|  0%| F|  |TAMS 0x0000000086800000, 0x0000000086800000| Untracked 
|  55|0x0000000086900000, 0x0000000086900000, 0x0000000086a00000|  0%| F|  |TAMS 0x0000000086900000, 0x0000000086900000| Untracked 
|  56|0x0000000086a00000, 0x0000000086a00000, 0x0000000086b00000|  0%| F|  |TAMS 0x0000000086a00000, 0x0000000086a00000| Untracked 
|  57|0x0000000086b00000, 0x0000000086b00000, 0x0000000086c00000|  0%| F|  |TAMS 0x0000000086b00000, 0x0000000086b00000| Untracked 
|  58|0x0000000086c00000, 0x0000000086c00000, 0x0000000086d00000|  0%| F|  |TAMS 0x0000000086c00000, 0x0000000086c00000| Untracked 
|  59|0x0000000086d00000, 0x0000000086d00000, 0x0000000086e00000|  0%| F|  |TAMS 0x0000000086d00000, 0x0000000086d00000| Untracked 
|  60|0x0000000086e00000, 0x0000000086e00000, 0x0000000086f00000|  0%| F|  |TAMS 0x0000000086e00000, 0x0000000086e00000| Untracked 
|  61|0x0000000086f00000, 0x0000000086f00000, 0x0000000087000000|  0%| F|  |TAMS 0x0000000086f00000, 0x0000000086f00000| Untracked 
|  62|0x0000000087000000, 0x0000000087000000, 0x0000000087100000|  0%| F|  |TAMS 0x0000000087000000, 0x0000000087000000| Untracked 
|  63|0x0000000087100000, 0x0000000087100000, 0x0000000087200000|  0%| F|  |TAMS 0x0000000087100000, 0x0000000087100000| Untracked 
|  64|0x0000000087200000, 0x0000000087200000, 0x0000000087300000|  0%| F|  |TAMS 0x0000000087200000, 0x0000000087200000| Untracked 
|  65|0x0000000087300000, 0x0000000087300000, 0x0000000087400000|  0%| F|  |TAMS 0x0000000087300000, 0x0000000087300000| Untracked 
|  66|0x0000000087400000, 0x0000000087400000, 0x0000000087500000|  0%| F|  |TAMS 0x0000000087400000, 0x0000000087400000| Untracked 
|  67|0x0000000087500000, 0x0000000087500000, 0x0000000087600000|  0%| F|  |TAMS 0x0000000087500000, 0x0000000087500000| Untracked 
|  68|0x0000000087600000, 0x0000000087600000, 0x0000000087700000|  0%| F|  |TAMS 0x0000000087600000, 0x0000000087600000| Untracked 
|  69|0x0000000087700000, 0x0000000087700000, 0x0000000087800000|  0%| F|  |TAMS 0x0000000087700000, 0x0000000087700000| Untracked 
|  70|0x0000000087800000, 0x0000000087800000, 0x0000000087900000|  0%| F|  |TAMS 0x0000000087800000, 0x0000000087800000| Untracked 
|  71|0x0000000087900000, 0x0000000087900000, 0x0000000087a00000|  0%| F|  |TAMS 0x0000000087900000, 0x0000000087900000| Untracked 
|  72|0x0000000087a00000, 0x0000000087a00000, 0x0000000087b00000|  0%| F|  |TAMS 0x0000000087a00000, 0x0000000087a00000| Untracked 
|  73|0x0000000087b00000, 0x0000000087b00000, 0x0000000087c00000|  0%| F|  |TAMS 0x0000000087b00000, 0x0000000087b00000| Untracked 
|  74|0x0000000087c00000, 0x0000000087c00000, 0x0000000087d00000|  0%| F|  |TAMS 0x0000000087c00000, 0x0000000087c00000| Untracked 
|  75|0x0000000087d00000, 0x0000000087d00000, 0x0000000087e00000|  0%| F|  |TAMS 0x0000000087d00000, 0x0000000087d00000| Untracked 
|  76|0x0000000087e00000, 0x0000000087e00000, 0x0000000087f00000|  0%| F|  |TAMS 0x0000000087e00000, 0x0000000087e00000| Untracked 
|  77|0x0000000087f00000, 0x0000000087f00000, 0x0000000088000000|  0%| F|  |TAMS 0x0000000087f00000, 0x0000000087f00000| Untracked 
|  78|0x0000000088000000, 0x0000000088000000, 0x0000000088100000|  0%| F|  |TAMS 0x0000000088000000, 0x0000000088000000| Untracked 
|  79|0x0000000088100000, 0x0000000088100000, 0x0000000088200000|  0%| F|  |TAMS 0x0000000088100000, 0x0000000088100000| Untracked 
|  80|0x0000000088200000, 0x0000000088200000, 0x0000000088300000|  0%| F|  |TAMS 0x0000000088200000, 0x0000000088200000| Untracked 
|  81|0x0000000088300000, 0x0000000088300000, 0x0000000088400000|  0%| F|  |TAMS 0x0000000088300000, 0x0000000088300000| Untracked 
|  82|0x0000000088400000, 0x0000000088400000, 0x0000000088500000|  0%| F|  |TAMS 0x0000000088400000, 0x0000000088400000| Untracked 
|  83|0x0000000088500000, 0x0000000088500000, 0x0000000088600000|  0%| F|  |TAMS 0x0000000088500000, 0x0000000088500000| Untracked 
|  84|0x0000000088600000, 0x0000000088600000, 0x0000000088700000|  0%| F|  |TAMS 0x0000000088600000, 0x0000000088600000| Untracked 
|  85|0x0000000088700000, 0x0000000088700000, 0x0000000088800000|  0%| F|  |TAMS 0x0000000088700000, 0x0000000088700000| Untracked 
|  86|0x0000000088800000, 0x0000000088800000, 0x0000000088900000|  0%| F|  |TAMS 0x0000000088800000, 0x0000000088800000| Untracked 
|  87|0x0000000088900000, 0x0000000088900000, 0x0000000088a00000|  0%| F|  |TAMS 0x0000000088900000, 0x0000000088900000| Untracked 
|  88|0x0000000088a00000, 0x0000000088a00000, 0x0000000088b00000|  0%| F|  |TAMS 0x0000000088a00000, 0x0000000088a00000| Untracked 
|  89|0x0000000088b00000, 0x0000000088b00000, 0x0000000088c00000|  0%| F|  |TAMS 0x0000000088b00000, 0x0000000088b00000| Untracked 
|  90|0x0000000088c00000, 0x0000000088c00000, 0x0000000088d00000|  0%| F|  |TAMS 0x0000000088c00000, 0x0000000088c00000| Untracked 
|  91|0x0000000088d00000, 0x0000000088d00000, 0x0000000088e00000|  0%| F|  |TAMS 0x0000000088d00000, 0x0000000088d00000| Untracked 
|  92|0x0000000088e00000, 0x0000000088e54f00, 0x0000000088f00000| 33%| S|CS|TAMS 0x0000000088e00000, 0x0000000088e00000| Complete 
|  93|0x0000000088f00000, 0x0000000089000000, 0x0000000089000000|100%| S|CS|TAMS 0x0000000088f00000, 0x0000000088f00000| Complete 
|  94|0x0000000089000000, 0x0000000089100000, 0x0000000089100000|100%| S|CS|TAMS 0x0000000089000000, 0x0000000089000000| Complete 
|  95|0x0000000089100000, 0x0000000089100000, 0x0000000089200000|  0%| F|  |TAMS 0x0000000089100000, 0x0000000089100000| Untracked 
|  96|0x0000000089200000, 0x0000000089200000, 0x0000000089300000|  0%| F|  |TAMS 0x0000000089200000, 0x0000000089200000| Untracked 
|  97|0x0000000089300000, 0x0000000089400000, 0x0000000089400000|100%| E|  |TAMS 0x0000000089300000, 0x0000000089300000| Complete 
|  98|0x0000000089400000, 0x0000000089500000, 0x0000000089500000|100%| E|CS|TAMS 0x0000000089400000, 0x0000000089400000| Complete 
|  99|0x0000000089500000, 0x0000000089600000, 0x0000000089600000|100%| E|CS|TAMS 0x0000000089500000, 0x0000000089500000| Complete 
| 100|0x0000000089600000, 0x0000000089700000, 0x0000000089700000|100%| E|CS|TAMS 0x0000000089600000, 0x0000000089600000| Complete 
| 101|0x0000000089700000, 0x0000000089800000, 0x0000000089800000|100%| E|CS|TAMS 0x0000000089700000, 0x0000000089700000| Complete 
| 102|0x0000000089800000, 0x0000000089900000, 0x0000000089900000|100%| E|CS|TAMS 0x0000000089800000, 0x0000000089800000| Complete 
| 103|0x0000000089900000, 0x0000000089a00000, 0x0000000089a00000|100%| E|CS|TAMS 0x0000000089900000, 0x0000000089900000| Complete 
| 104|0x0000000089a00000, 0x0000000089b00000, 0x0000000089b00000|100%| E|CS|TAMS 0x0000000089a00000, 0x0000000089a00000| Complete 
| 105|0x0000000089b00000, 0x0000000089c00000, 0x0000000089c00000|100%| E|CS|TAMS 0x0000000089b00000, 0x0000000089b00000| Complete 
| 106|0x0000000089c00000, 0x0000000089d00000, 0x0000000089d00000|100%| E|CS|TAMS 0x0000000089c00000, 0x0000000089c00000| Complete 
| 107|0x0000000089d00000, 0x0000000089e00000, 0x0000000089e00000|100%| E|  |TAMS 0x0000000089d00000, 0x0000000089d00000| Complete 
| 108|0x0000000089e00000, 0x0000000089f00000, 0x0000000089f00000|100%| E|CS|TAMS 0x0000000089e00000, 0x0000000089e00000| Complete 
| 109|0x0000000089f00000, 0x000000008a000000, 0x000000008a000000|100%| E|CS|TAMS 0x0000000089f00000, 0x0000000089f00000| Complete 
| 110|0x000000008a000000, 0x000000008a100000, 0x000000008a100000|100%| E|CS|TAMS 0x000000008a000000, 0x000000008a000000| Complete 
| 111|0x000000008a100000, 0x000000008a200000, 0x000000008a200000|100%| E|CS|TAMS 0x000000008a100000, 0x000000008a100000| Complete 
| 112|0x000000008a200000, 0x000000008a300000, 0x000000008a300000|100%| E|CS|TAMS 0x000000008a200000, 0x000000008a200000| Complete 
| 113|0x000000008a300000, 0x000000008a400000, 0x000000008a400000|100%| E|CS|TAMS 0x000000008a300000, 0x000000008a300000| Complete 
| 114|0x000000008a400000, 0x000000008a500000, 0x000000008a500000|100%| E|CS|TAMS 0x000000008a400000, 0x000000008a400000| Complete 
| 115|0x000000008a500000, 0x000000008a600000, 0x000000008a600000|100%| E|CS|TAMS 0x000000008a500000, 0x000000008a500000| Complete 
| 116|0x000000008a600000, 0x000000008a700000, 0x000000008a700000|100%| E|CS|TAMS 0x000000008a600000, 0x000000008a600000| Complete 
| 117|0x000000008a700000, 0x000000008a800000, 0x000000008a800000|100%| E|CS|TAMS 0x000000008a700000, 0x000000008a700000| Complete 
| 118|0x000000008a800000, 0x000000008a900000, 0x000000008a900000|100%| E|CS|TAMS 0x000000008a800000, 0x000000008a800000| Complete 
| 119|0x000000008a900000, 0x000000008aa00000, 0x000000008aa00000|100%| E|CS|TAMS 0x000000008a900000, 0x000000008a900000| Complete 
| 120|0x000000008aa00000, 0x000000008ab00000, 0x000000008ab00000|100%| E|CS|TAMS 0x000000008aa00000, 0x000000008aa00000| Complete 
| 121|0x000000008ab00000, 0x000000008ac00000, 0x000000008ac00000|100%| E|CS|TAMS 0x000000008ab00000, 0x000000008ab00000| Complete 
| 122|0x000000008ac00000, 0x000000008ad00000, 0x000000008ad00000|100%| E|CS|TAMS 0x000000008ac00000, 0x000000008ac00000| Complete 
| 123|0x000000008ad00000, 0x000000008ae00000, 0x000000008ae00000|100%| E|CS|TAMS 0x000000008ad00000, 0x000000008ad00000| Complete 
| 124|0x000000008ae00000, 0x000000008af00000, 0x000000008af00000|100%| E|CS|TAMS 0x000000008ae00000, 0x000000008ae00000| Complete 
| 125|0x000000008af00000, 0x000000008b000000, 0x000000008b000000|100%| E|CS|TAMS 0x000000008af00000, 0x000000008af00000| Complete 

Card table byte_map: [0x0000026aa7600000,0x0000026aa79f0000] _byte_map_base: 0x0000026aa71e7000

Marking Bits (Prev, Next): (CMBitMap*) 0x0000026a90668ad0, (CMBitMap*) 0x0000026a90668b10
 Prev Bits: [0x0000026aa7de0000, 0x0000026aa9d18000)
 Next Bits: [0x0000026aa9d20000, 0x0000026aabc58000)

Polling page: 0x0000026a8fdd0000

Metaspace:

Usage:
  Non-class:     16.15 MB used.
      Class:      2.28 MB used.
       Both:     18.43 MB used.

Virtual space:
  Non-class space:       64.00 MB reserved,      16.31 MB ( 25%) committed,  1 nodes.
      Class space:        1.00 GB reserved,       2.44 MB ( <1%) committed,  1 nodes.
             Both:        1.06 GB reserved,      18.75 MB (  2%) committed. 

Chunk freelists:
   Non-Class:  14.92 MB
       Class:  13.60 MB
        Both:  28.52 MB

MaxMetaspaceSize: unlimited
CompressedClassSpaceSize: 1.00 GB
Initial GC threshold: 21.00 MB
Current GC threshold: 21.00 MB
CDS: on
MetaspaceReclaimPolicy: balanced
 - commit_granule_bytes: 65536.
 - commit_granule_words: 8192.
 - virtual_space_node_default_size: 8388608.
 - enlarge_chunks_in_place: 1.
 - new_chunks_are_fully_committed: 0.
 - uncommit_free_chunks: 1.
 - use_allocation_guard: 0.
 - handle_deallocations: 1.


Internal statistics:

num_allocs_failed_limit: 0.
num_arena_births: 286.
num_arena_deaths: 0.
num_vsnodes_births: 2.
num_vsnodes_deaths: 0.
num_space_committed: 300.
num_space_uncommitted: 0.
num_chunks_returned_to_freelist: 0.
num_chunks_taken_from_freelist: 917.
num_chunk_merges: 0.
num_chunk_splits: 616.
num_chunks_enlarged: 483.
num_inconsistent_stats: 0.

CodeHeap 'non-profiled nmethods': size=120000Kb used=1079Kb max_used=1079Kb free=118921Kb
 bounds [0x0000026a9f9b0000, 0x0000026a9fc20000, 0x0000026aa6ee0000]
CodeHeap 'profiled nmethods': size=120000Kb used=5187Kb max_used=5187Kb free=114813Kb
 bounds [0x0000026a97ee0000, 0x0000026a98400000, 0x0000026a9f410000]
CodeHeap 'non-nmethods': size=5760Kb used=1220Kb max_used=1254Kb free=4539Kb
 bounds [0x0000026a9f410000, 0x0000026a9f680000, 0x0000026a9f9b0000]
 total_blobs=3116 nmethods=2607 adapters=421
 compilation: enabled
              stopped_count=0, restarted_count=0
 full_count=0

Compilation events (20 events):
Event: 1.429 Thread 0x0000026aae6d1190 nmethod 2559 0x0000026a983c2c90 code [0x0000026a983c2e40, 0x0000026a983c3118]
Event: 1.430 Thread 0x0000026aae6d1190 2560   !   3       org.springframework.context.annotation.ConfigurationClassParser$SourceClass::getRelated (100 bytes)
Event: 1.431 Thread 0x0000026aae6d1190 nmethod 2560 0x0000026a983c3210 code [0x0000026a983c3520, 0x0000026a983c46d8]
Event: 1.431 Thread 0x0000026aae6d1190 2561       3       java.net.URL::isValidProtocol (78 bytes)
Event: 1.431 Thread 0x0000026aae6d1190 nmethod 2561 0x0000026a983c4d90 code [0x0000026a983c50a0, 0x0000026a983c6318]
Event: 1.431 Thread 0x0000026aae6d1190 2562       3       org.springframework.core.annotation.AnnotationAwareOrderComparator::findOrder (18 bytes)
Event: 1.432 Thread 0x0000026aae6d1190 nmethod 2562 0x0000026a983c6990 code [0x0000026a983c6b80, 0x0000026a983c7128]
Event: 1.432 Thread 0x0000026aae6d1190 2563       3       java.util.stream.ReduceOps$3ReducingSink::accept (15 bytes)
Event: 1.432 Thread 0x0000026aae6d1190 nmethod 2563 0x0000026a983c7290 code [0x0000026a983c7440, 0x0000026a983c7628]
Event: 1.432 Thread 0x0000026aae6d1190 2564       3       org.springframework.core.annotation.AnnotationTypeMapping::getConventionMapping (7 bytes)
Event: 1.432 Thread 0x0000026aae6d1190 nmethod 2564 0x0000026a983c7710 code [0x0000026a983c78a0, 0x0000026a983c79d8]
Event: 1.432 Thread 0x0000026aae6d1190 2565       3       org.springframework.context.annotation.ConfigurationClassParser::collectImports (101 bytes)
Event: 1.432 Thread 0x0000026aae6d1190 nmethod 2565 0x0000026a983c7a90 code [0x0000026a983c7d20, 0x0000026a983c8858]
Event: 1.434 Thread 0x0000026aae6d1190 2568       3       org.springframework.core.annotation.TypeMappedAnnotation::adapt (355 bytes)
Event: 1.435 Thread 0x0000026aae6d1190 nmethod 2568 0x0000026a983c8c10 code [0x0000026a983c9060, 0x0000026a983cb748]
Event: 1.435 Thread 0x0000026aae6d1190 2569       3       org.springframework.core.annotation.TypeMappedAnnotation::adaptForAttribute (253 bytes)
Event: 1.436 Thread 0x0000026aae6d1190 nmethod 2569 0x0000026a983cc190 code [0x0000026a983cc5e0, 0x0000026a983ce538]
Event: 1.436 Thread 0x0000026aae6d1190 2566       3       org.springframework.core.annotation.TypeMappedAnnotation::isFiltered (28 bytes)
Event: 1.436 Thread 0x0000026aae6d1190 nmethod 2566 0x0000026a983ced90 code [0x0000026a983cef40, 0x0000026a983cf1c8]
Event: 1.436 Thread 0x0000026aae6d1190 2567       3       org.springframework.core.annotation.TypeMappedAnnotation::getValue (41 bytes)

GC Heap History (4 events):
Event: 0.633 GC heap before
{Heap before GC invocations=0 (full 0):
 garbage-first heap   total 129024K, used 24576K [0x0000000083200000, 0x0000000100000000)
  region size 1024K, 23 young (23552K), 0 survivors (0K)
 Metaspace       used 6655K, committed 6848K, reserved 1114112K
  class space    used 797K, committed 896K, reserved 1048576K
}
Event: 0.638 GC heap after
{Heap after GC invocations=1 (full 0):
 garbage-first heap   total 129024K, used 7556K [0x0000000083200000, 0x0000000100000000)
  region size 1024K, 3 young (3072K), 3 survivors (3072K)
 Metaspace       used 6655K, committed 6848K, reserved 1114112K
  class space    used 797K, committed 896K, reserved 1048576K
}
Event: 1.029 GC heap before
{Heap before GC invocations=1 (full 0):
 garbage-first heap   total 129024K, used 35203K [0x0000000083200000, 0x0000000100000000)
  region size 1024K, 31 young (31744K), 3 survivors (3072K)
 Metaspace       used 13809K, committed 14016K, reserved 1114112K
  class space    used 1712K, committed 1792K, reserved 1048576K
}
Event: 1.034 GC heap after
{Heap after GC invocations=2 (full 0):
 garbage-first heap   total 129024K, used 9973K [0x0000000083200000, 0x0000000100000000)
  region size 1024K, 3 young (3072K), 3 survivors (3072K)
 Metaspace       used 13809K, committed 14016K, reserved 1114112K
  class space    used 1712K, committed 1792K, reserved 1048576K
}

Deoptimization events (20 events):
Event: 1.318 Thread 0x0000026a9060b750 DEOPT PACKING pc=0x0000026a98009731 sp=0x000000e6af4fe690
Event: 1.318 Thread 0x0000026a9060b750 DEOPT UNPACKING pc=0x0000026a9f4666e3 sp=0x000000e6af4fdb80 mode 0
Event: 1.318 Thread 0x0000026a9060b750 DEOPT PACKING pc=0x0000026a98009731 sp=0x000000e6af4fe690
Event: 1.318 Thread 0x0000026a9060b750 DEOPT UNPACKING pc=0x0000026a9f4666e3 sp=0x000000e6af4fdb80 mode 0
Event: 1.318 Thread 0x0000026a9060b750 DEOPT PACKING pc=0x0000026a98009731 sp=0x000000e6af4fe690
Event: 1.318 Thread 0x0000026a9060b750 DEOPT UNPACKING pc=0x0000026a9f4666e3 sp=0x000000e6af4fdb80 mode 0
Event: 1.318 Thread 0x0000026a9060b750 DEOPT PACKING pc=0x0000026a98009731 sp=0x000000e6af4fe690
Event: 1.318 Thread 0x0000026a9060b750 DEOPT UNPACKING pc=0x0000026a9f4666e3 sp=0x000000e6af4fdb80 mode 0
Event: 1.318 Thread 0x0000026a9060b750 DEOPT PACKING pc=0x0000026a98009731 sp=0x000000e6af4fe690
Event: 1.318 Thread 0x0000026a9060b750 DEOPT UNPACKING pc=0x0000026a9f4666e3 sp=0x000000e6af4fdb80 mode 0
Event: 1.319 Thread 0x0000026a9060b750 DEOPT PACKING pc=0x0000026a98009731 sp=0x000000e6af4fe690
Event: 1.319 Thread 0x0000026a9060b750 DEOPT UNPACKING pc=0x0000026a9f4666e3 sp=0x000000e6af4fdb80 mode 0
Event: 1.319 Thread 0x0000026a9060b750 DEOPT PACKING pc=0x0000026a98009731 sp=0x000000e6af4fe690
Event: 1.319 Thread 0x0000026a9060b750 DEOPT UNPACKING pc=0x0000026a9f4666e3 sp=0x000000e6af4fdb80 mode 0
Event: 1.382 Thread 0x0000026a9060b750 DEOPT PACKING pc=0x0000026a981eb608 sp=0x000000e6af4fcb90
Event: 1.382 Thread 0x0000026a9060b750 DEOPT UNPACKING pc=0x0000026a9f4666e3 sp=0x000000e6af4fc098 mode 0
Event: 1.406 Thread 0x0000026a9060b750 Uncommon trap: trap_request=0xffffff45 fr.pc=0x0000026a9faae2e8 relative=0x00000000000015e8
Event: 1.406 Thread 0x0000026a9060b750 Uncommon trap: reason=unstable_if action=reinterpret pc=0x0000026a9faae2e8 method=jdk.internal.jimage.ImageLocation.verifyName(Ljava/lang/String;Ljava/lang/String;IIIIIILjdk/internal/jimage/ImageStrings;)Z @ 27 c2
Event: 1.406 Thread 0x0000026a9060b750 DEOPT PACKING pc=0x0000026a9faae2e8 sp=0x000000e6af4fe0a0
Event: 1.406 Thread 0x0000026a9060b750 DEOPT UNPACKING pc=0x0000026a9f465ba3 sp=0x000000e6af4fdf78 mode 2

Classes unloaded (0 events):
No events

Classes redefined (0 events):
No events

Internal exceptions (20 events):
Event: 0.744 Thread 0x0000026a9060b750 Exception <a 'java/lang/NoSuchMethodError'{0x000000008aca0ee0}: 'void java.lang.invoke.DirectMethodHandle$Holder.invokeStaticInit(java.lang.Object, java.lang.Object, java.lang.Object)'> (0x000000008aca0ee0) 
thrown [s\open\src\hotspot\share\interpreter\linkResolver.cpp, line 759]
Event: 0.750 Thread 0x0000026a9060b750 Exception <a 'java/lang/NoSuchMethodError'{0x000000008acee098}: 'java.lang.Object java.lang.invoke.DirectMethodHandle$Holder.invokeVirtual(java.lang.Object, java.lang.Object, java.lang.Object)'> (0x000000008acee098) 
thrown [s\open\src\hotspot\share\interpreter\linkResolver.cpp, line 759]
Event: 0.766 Thread 0x0000026a9060b750 Exception <a 'java/lang/NoSuchMethodError'{0x000000008ab7e7f8}: 'void java.lang.invoke.DirectMethodHandle$Holder.invokeVirtual(java.lang.Object, java.lang.Object, java.lang.Object, java.lang.Object)'> (0x000000008ab7e7f8) 
thrown [s\open\src\hotspot\share\interpreter\linkResolver.cpp, line 759]
Event: 0.779 Thread 0x0000026a9060b750 Exception <a 'java/lang/NoSuchMethodError'{0x000000008aa2ef68}: 'java.lang.Object java.lang.invoke.DirectMethodHandle$Holder.invokeSpecial(java.lang.Object, java.lang.Object, long, java.lang.Object, java.lang.Object, java.lang.Object, java.lang.Object, java.lang.Object, java.lang.Object)'> (0x000000008aa2ef68) 
thrown [s\open\src\hotspot\share\interpreter\linkResolver.cpp, line 759]
Event: 0.779 Thread 0x0000026a9060b750 Exception <a 'java/lang/NoSuchMethodError'{0x000000008aa337e8}: 'java.lang.Object java.lang.invoke.DelegatingMethodHandle$Holder.reinvoke_L(java.lang.Object, long, java.lang.Object, java.lang.Object, java.lang.Object, java.lang.Object, java.lang.Object, java.lang.Object)'> (0x000000008aa337e8) 
thrown [s\open\src\hotspot\share\interpreter\linkResolver.cpp, line 759]
Event: 0.819 Thread 0x0000026a9060b750 Exception <a 'java/lang/NoSuchMethodError'{0x000000008a9e6ae8}: 'void java.lang.invoke.DirectMethodHandle$Holder.invokeSpecial(java.lang.Object, java.lang.Object, java.lang.Object)'> (0x000000008a9e6ae8) 
thrown [s\open\src\hotspot\share\interpreter\linkResolver.cpp, line 759]
Event: 0.842 Thread 0x0000026af48b4740 Exception <a 'java/lang/NoClassDefFoundError'{0x000000008a716370}: jakarta/validation/Validation> (0x000000008a716370) 
thrown [s\open\src\hotspot\share\classfile\systemDictionary.cpp, line 245]
Event: 0.845 Thread 0x0000026a9060b750 Exception <a 'java/lang/NoSuchMethodError'{0x000000008a8fdf78}: 'java.lang.Object java.lang.invoke.DirectMethodHandle$Holder.invokeStatic(java.lang.Object, java.lang.Object, int)'> (0x000000008a8fdf78) 
thrown [s\open\src\hotspot\share\interpreter\linkResolver.cpp, line 759]
Event: 0.845 Thread 0x0000026a9060b750 Exception <a 'java/lang/NoSuchMethodError'{0x000000008a769bc8}: 'void java.lang.invoke.DelegatingMethodHandle$Holder.delegate(java.lang.Object, java.lang.Object, int, java.lang.Object)'> (0x000000008a769bc8) 
thrown [s\open\src\hotspot\share\interpreter\linkResolver.cpp, line 759]
Event: 0.856 Thread 0x0000026a9060b750 Exception <a 'java/lang/IncompatibleClassChangeError'{0x000000008a699fe8}: Found class java.lang.Object, but interface was expected> (0x000000008a699fe8) 
thrown [s\open\src\hotspot\share\interpreter\linkResolver.cpp, line 826]
Event: 1.107 Thread 0x0000026a9060b750 Exception <a 'sun/nio/fs/WindowsException'{0x000000008a99b6f8}> (0x000000008a99b6f8) 
thrown [s\open\src\hotspot\share\prims\jni.cpp, line 516]
Event: 1.108 Thread 0x0000026a9060b750 Exception <a 'java/lang/NoSuchMethodError'{0x000000008a99d1d0}: 'int java.lang.invoke.DirectMethodHandle$Holder.invokeSpecial(java.lang.Object, java.lang.Object, java.lang.Object, java.lang.Object, java.lang.Object)'> (0x000000008a99d1d0) 
thrown [s\open\src\hotspot\share\interpreter\linkResolver.cpp, line 759]
Event: 1.110 Thread 0x0000026a9060b750 Exception <a 'java/lang/NoSuchMethodError'{0x000000008a9a5e98}: 'void java.lang.invoke.DirectMethodHandle$Holder.invokeVirtual(java.lang.Object, java.lang.Object)'> (0x000000008a9a5e98) 
thrown [s\open\src\hotspot\share\interpreter\linkResolver.cpp, line 759]
Event: 1.125 Thread 0x0000026af48b4740 Exception <a 'java/lang/NoSuchMethodError'{0x000000008a78cc50}: 'long java.lang.invoke.DirectMethodHandle$Holder.invokeSpecial(java.lang.Object, java.lang.Object)'> (0x000000008a78cc50) 
thrown [s\open\src\hotspot\share\interpreter\linkResolver.cpp, line 759]
Event: 1.127 Thread 0x0000026af48b4740 Exception <a 'java/lang/NoSuchMethodError'{0x000000008a7977f8}: 'long java.lang.invoke.DirectMethodHandle$Holder.invokeStatic(java.lang.Object, java.lang.Object)'> (0x000000008a7977f8) 
thrown [s\open\src\hotspot\share\interpreter\linkResolver.cpp, line 759]
Event: 1.127 Thread 0x0000026af48b4740 Exception <a 'java/lang/NoSuchMethodError'{0x000000008a79ab50}: 'long java.lang.invoke.DirectMethodHandle$Holder.invokeStaticInit(java.lang.Object, java.lang.Object)'> (0x000000008a79ab50) 
thrown [s\open\src\hotspot\share\interpreter\linkResolver.cpp, line 759]
Event: 1.128 Thread 0x0000026af48b4740 Exception <a 'java/lang/NoSuchMethodError'{0x000000008a7a8450}: 'long java.lang.invoke.DirectMethodHandle$Holder.invokeInterface(java.lang.Object, java.lang.Object)'> (0x000000008a7a8450) 
thrown [s\open\src\hotspot\share\interpreter\linkResolver.cpp, line 759]
Event: 1.128 Thread 0x0000026af48b4740 Exception <a 'java/lang/IncompatibleClassChangeError'{0x000000008a7ab738}: Found class java.lang.Object, but interface was expected> (0x000000008a7ab738) 
thrown [s\open\src\hotspot\share\interpreter\linkResolver.cpp, line 826]
Event: 1.133 Thread 0x0000026af48b4740 Exception <a 'java/lang/NoSuchMethodError'{0x000000008a7c3880}: 'java.lang.Object java.lang.invoke.DirectMethodHandle$Holder.invokeVirtual(java.lang.Object, java.lang.Object, java.lang.Object, java.lang.Object)'> (0x000000008a7c3880) 
thrown [s\open\src\hotspot\share\interpreter\linkResolver.cpp, line 759]
Event: 1.315 Thread 0x0000026a9060b750 Exception <a 'java/lang/IncompatibleClassChangeError'{0x0000000089ce38c0}: Found class java.lang.Object, but interface was expected> (0x0000000089ce38c0) 
thrown [s\open\src\hotspot\share\interpreter\linkResolver.cpp, line 826]

VM Operations (20 events):
Event: 0.845 Executing VM operation: HandshakeAllThreads
Event: 0.845 Executing VM operation: HandshakeAllThreads done
Event: 0.856 Executing VM operation: ICBufferFull
Event: 0.856 Executing VM operation: ICBufferFull done
Event: 0.954 Executing VM operation: HandshakeAllThreads
Event: 0.954 Executing VM operation: HandshakeAllThreads done
Event: 1.021 Executing VM operation: HandshakeAllThreads
Event: 1.021 Executing VM operation: HandshakeAllThreads done
Event: 1.029 Executing VM operation: G1CollectForAllocation
Event: 1.034 Executing VM operation: G1CollectForAllocation done
Event: 1.077 Executing VM operation: HandshakeAllThreads
Event: 1.077 Executing VM operation: HandshakeAllThreads done
Event: 1.162 Executing VM operation: HandshakeAllThreads
Event: 1.162 Executing VM operation: HandshakeAllThreads done
Event: 1.174 Executing VM operation: HandshakeAllThreads
Event: 1.175 Executing VM operation: HandshakeAllThreads done
Event: 1.320 Executing VM operation: HandshakeAllThreads
Event: 1.320 Executing VM operation: HandshakeAllThreads done
Event: 1.360 Executing VM operation: ICBufferFull
Event: 1.360 Executing VM operation: ICBufferFull done

Events (20 events):
Event: 1.197 loading class javax/security/auth/Subject done
Event: 1.200 loading class sun/security/provider/certpath/ldap/JdkLDAP
Event: 1.200 loading class sun/security/provider/certpath/ldap/JdkLDAP done
Event: 1.201 loading class sun/security/provider/certpath/ldap/JdkLDAP$ProviderService
Event: 1.201 loading class sun/security/provider/certpath/ldap/JdkLDAP$ProviderService done
Event: 1.201 loading class com/sun/security/sasl/Provider
Event: 1.201 loading class com/sun/security/sasl/Provider done
Event: 1.201 loading class com/sun/security/sasl/Provider$1
Event: 1.201 loading class com/sun/security/sasl/Provider$1 done
Event: 1.201 loading class com/sun/security/sasl/Provider$ProviderService
Event: 1.201 loading class com/sun/security/sasl/Provider$ProviderService done
Event: 1.203 Thread 0x0000026af48b4740 Thread exited: 0x0000026af48b4740
Event: 1.274 Thread 0x0000026af576c930 Thread added: 0x0000026af576c930
Event: 1.283 loading class javax/naming/ldap/LdapContext
Event: 1.283 loading class javax/naming/directory/DirContext
Event: 1.283 loading class javax/naming/directory/DirContext done
Event: 1.283 loading class javax/naming/ldap/LdapContext done
Event: 1.294 Thread 0x0000026af576c930 Thread exited: 0x0000026af576c930
Event: 1.425 loading class java/beans/PropertyVetoException
Event: 1.425 loading class java/beans/PropertyVetoException done


Dynamic libraries:
0x00007ff7fe140000 - 0x00007ff7fe150000 	C:\Program Files\Java\jdk-17\bin\java.exe
0x00007ffdc27b0000 - 0x00007ffdc29c7000 	C:\WINDOWS\SYSTEM32\ntdll.dll
0x00007ffdc1dd0000 - 0x00007ffdc1e94000 	C:\WINDOWS\System32\KERNEL32.DLL
0x00007ffdbfec0000 - 0x00007ffdc0293000 	C:\WINDOWS\System32\KERNELBASE.dll
0x00007ffdc02a0000 - 0x00007ffdc03b1000 	C:\WINDOWS\System32\ucrtbase.dll
0x00007ffd97b30000 - 0x00007ffd97b49000 	C:\Program Files\Java\jdk-17\bin\jli.dll
0x00007ffd995d0000 - 0x00007ffd995eb000 	C:\Program Files\Java\jdk-17\bin\VCRUNTIME140.dll
0x00007ffdc08c0000 - 0x00007ffdc0971000 	C:\WINDOWS\System32\ADVAPI32.dll
0x00007ffdc21b0000 - 0x00007ffdc2257000 	C:\WINDOWS\System32\msvcrt.dll
0x00007ffdc0d80000 - 0x00007ffdc0e27000 	C:\WINDOWS\System32\sechost.dll
0x00007ffdbfe90000 - 0x00007ffdbfeb8000 	C:\WINDOWS\System32\bcrypt.dll
0x00007ffdc1ea0000 - 0x00007ffdc1fb4000 	C:\WINDOWS\System32\RPCRT4.dll
0x00007ffdc25b0000 - 0x00007ffdc2761000 	C:\WINDOWS\System32\USER32.dll
0x00007ffdbfe60000 - 0x00007ffdbfe86000 	C:\WINDOWS\System32\win32u.dll
0x00007ffd98490000 - 0x00007ffd9872b000 	C:\WINDOWS\WinSxS\amd64_microsoft.windows.common-controls_6595b64144ccf1df_6.0.22621.5262_none_2712bde373830908\COMCTL32.dll
0x00007ffdc07e0000 - 0x00007ffdc0809000 	C:\WINDOWS\System32\GDI32.dll
0x00007ffdbfcb0000 - 0x00007ffdbfdd2000 	C:\WINDOWS\System32\gdi32full.dll
0x00007ffdbf8a0000 - 0x00007ffdbf93a000 	C:\WINDOWS\System32\msvcp_win.dll
0x00007ffdb9df0000 - 0x00007ffdb9dfa000 	C:\WINDOWS\SYSTEM32\VERSION.dll
0x00007ffdc2270000 - 0x00007ffdc22a1000 	C:\WINDOWS\System32\IMM32.DLL
0x00007ffda5810000 - 0x00007ffda581c000 	C:\Program Files\Java\jdk-17\bin\vcruntime140_1.dll
0x00007ffd86400000 - 0x00007ffd8648e000 	C:\Program Files\Java\jdk-17\bin\msvcp140.dll
0x00007ffd47a30000 - 0x00007ffd48611000 	C:\Program Files\Java\jdk-17\bin\server\jvm.dll
0x00007ffdc2260000 - 0x00007ffdc2268000 	C:\WINDOWS\System32\PSAPI.DLL
0x00007ffd9f450000 - 0x00007ffd9f459000 	C:\WINDOWS\SYSTEM32\WSOCK32.dll
0x00007ffdb9fe0000 - 0x00007ffdba014000 	C:\WINDOWS\SYSTEM32\WINMM.dll
0x00007ffdc1d50000 - 0x00007ffdc1dc1000 	C:\WINDOWS\System32\WS2_32.dll
0x00007ffdbe8a0000 - 0x00007ffdbe8b8000 	C:\WINDOWS\SYSTEM32\kernel.appcore.dll
0x00007ffda0550000 - 0x00007ffda055a000 	C:\Program Files\Java\jdk-17\bin\jimage.dll
0x00007ffdbd1d0000 - 0x00007ffdbd402000 	C:\WINDOWS\SYSTEM32\DBGHELP.DLL
0x00007ffdc0440000 - 0x00007ffdc07d3000 	C:\WINDOWS\System32\combase.dll
0x00007ffdc1fc0000 - 0x00007ffdc2097000 	C:\WINDOWS\System32\OLEAUT32.dll
0x00007ffdb70e0000 - 0x00007ffdb7112000 	C:\WINDOWS\SYSTEM32\dbgcore.DLL
0x00007ffdbfde0000 - 0x00007ffdbfe5b000 	C:\WINDOWS\System32\bcryptPrimitives.dll
0x00007ffd9a9f0000 - 0x00007ffd9a9fe000 	C:\Program Files\Java\jdk-17\bin\instrument.dll
0x00007ffd8e580000 - 0x00007ffd8e5a5000 	C:\Program Files\Java\jdk-17\bin\java.dll
0x00007ffd7f7e0000 - 0x00007ffd7f8b7000 	C:\Program Files\Java\jdk-17\bin\jsvml.dll
0x00007ffdc0e30000 - 0x00007ffdc16cd000 	C:\WINDOWS\System32\SHELL32.dll
0x00007ffdbfb70000 - 0x00007ffdbfcaf000 	C:\WINDOWS\System32\wintypes.dll
0x00007ffdbd790000 - 0x00007ffdbe0ad000 	C:\WINDOWS\SYSTEM32\windows.storage.dll
0x00007ffdc0980000 - 0x00007ffdc0a8b000 	C:\WINDOWS\System32\SHCORE.dll
0x00007ffdc2520000 - 0x00007ffdc2586000 	C:\WINDOWS\System32\shlwapi.dll
0x00007ffdbf7d0000 - 0x00007ffdbf7fb000 	C:\WINDOWS\SYSTEM32\profapi.dll
0x00007ffd92ba0000 - 0x00007ffd92bb8000 	C:\Program Files\Java\jdk-17\bin\zip.dll
0x00007ffd96e90000 - 0x00007ffd96ea9000 	C:\Program Files\Java\jdk-17\bin\net.dll
0x00007ffdbae50000 - 0x00007ffdbaf7c000 	C:\WINDOWS\SYSTEM32\WINHTTP.dll
0x00007ffdbed10000 - 0x00007ffdbed7a000 	C:\WINDOWS\system32\mswsock.dll
0x00007ffd938e0000 - 0x00007ffd938f6000 	C:\Program Files\Java\jdk-17\bin\nio.dll
0x00007ffd8f930000 - 0x00007ffd8f94a000 	D:\.Intellij\IntelliJ IDEA Community Edition 2024.2.0.2\bin\breakgen64.dll
0x00007ffd95e50000 - 0x00007ffd95e5e000 	C:\Program Files\Java\jdk-17\bin\sunmscapi.dll
0x00007ffdbf940000 - 0x00007ffdbfaa7000 	C:\WINDOWS\System32\CRYPT32.dll
0x00007ffdbf150000 - 0x00007ffdbf17d000 	C:\WINDOWS\SYSTEM32\ncrypt.dll
0x00007ffdbf110000 - 0x00007ffdbf147000 	C:\WINDOWS\SYSTEM32\NTASN1.dll

dbghelp: loaded successfully - version: 4.0.5 - missing functions: none
symbol engine: initialized successfully - sym options: 0x614 - pdb path: .;C:\Program Files\Java\jdk-17\bin;C:\WINDOWS\SYSTEM32;C:\WINDOWS\WinSxS\amd64_microsoft.windows.common-controls_6595b64144ccf1df_6.0.22621.5262_none_2712bde373830908;C:\Program Files\Java\jdk-17\bin\server;D:\.Intellij\IntelliJ IDEA Community Edition 2024.2.0.2\bin

VM Arguments:
jvm_args: -javaagent:D:\.Intellij\IntelliJ IDEA Community Edition 2024.2.0.2\lib\idea_rt.jar=28921:D:\.Intellij\IntelliJ IDEA Community Edition 2024.2.0.2\bin -Dfile.encoding=UTF-8 
java_command: com.website.RRE.RreApplication
java_class_path (initial): D:\.Downloads\RRE\target\classes;C:\Users\user\.m2\repository\org\springframework\boot\spring-boot-starter-data-jpa\3.4.3\spring-boot-starter-data-jpa-3.4.3.jar;C:\Users\user\.m2\repository\org\springframework\boot\spring-boot-starter\3.4.3\spring-boot-starter-3.4.3.jar;C:\Users\user\.m2\repository\org\springframework\boot\spring-boot\3.4.3\spring-boot-3.4.3.jar;C:\Users\user\.m2\repository\org\springframework\boot\spring-boot-autoconfigure\3.4.3\spring-boot-autoconfigure-3.4.3.jar;C:\Users\user\.m2\repository\org\springframework\boot\spring-boot-starter-logging\3.4.3\spring-boot-starter-logging-3.4.3.jar;C:\Users\user\.m2\repository\ch\qos\logback\logback-classic\1.5.16\logback-classic-1.5.16.jar;C:\Users\user\.m2\repository\ch\qos\logback\logback-core\1.5.16\logback-core-1.5.16.jar;C:\Users\user\.m2\repository\org\apache\logging\log4j\log4j-to-slf4j\2.24.3\log4j-to-slf4j-2.24.3.jar;C:\Users\user\.m2\repository\org\apache\logging\log4j\log4j-api\2.24.3\log4j-api-2.24.3.jar;C:\Users\user\.m2\repository\org\slf4j\jul-to-slf4j\2.0.16\jul-to-slf4j-2.0.16.jar;C:\Users\user\.m2\repository\jakarta\annotation\jakarta.annotation-api\2.1.1\jakarta.annotation-api-2.1.1.jar;C:\Users\user\.m2\repository\org\yaml\snakeyaml\2.3\snakeyaml-2.3.jar;C:\Users\user\.m2\repository\org\springframework\boot\spring-boot-starter-jdbc\3.4.3\spring-boot-starter-jdbc-3.4.3.jar;C:\Users\user\.m2\repository\com\zaxxer\HikariCP\5.1.0\HikariCP-5.1.0.jar;C:\Users\user\.m2\repository\org\springframework\spring-jdbc\6.2.3\spring-jdbc-6.2.3.jar;C:\Users\user\.m2\repository\org\hibernate\orm\hibernate-core\6.6.8.Final\hibernate-core-6.6.8.Final.jar;C:\Users\user\.m2\repository\jakarta\persistence\jakarta.persistence-api\3.1.0\jakarta.persistence-api-3.1.0.jar;C:\Users\user\.m2\repository\jakarta\transaction\jakarta.transaction-api\2.0.1\jakarta.transaction-api-2.0.1.jar;C:\Users\user\.m2\repository\org\jboss\logging\jboss-logging\3.6.1.Final\jboss-logging-3.6.1.Final.jar;C:
Launcher Type: SUN_STANDARD

[Global flags]
     intx CICompilerCount                          = 4                                         {product} {ergonomic}
     uint ConcGCThreads                            = 2                                         {product} {ergonomic}
     uint G1ConcRefinementThreads                  = 8                                         {product} {ergonomic}
   size_t G1HeapRegionSize                         = 1048576                                   {product} {ergonomic}
    uintx GCDrainStackTargetSize                   = 64                                        {product} {ergonomic}
   size_t InitialHeapSize                          = 132120576                                 {product} {ergonomic}
   size_t MarkStackSize                            = 4194304                                   {product} {ergonomic}
   size_t MaxHeapSize                              = 2095054848                                {product} {ergonomic}
   size_t MaxNewSize                               = 1256194048                                {product} {ergonomic}
   size_t MinHeapDeltaBytes                        = 1048576                                   {product} {ergonomic}
   size_t MinHeapSize                              = 8388608                                   {product} {ergonomic}
    uintx NonNMethodCodeHeapSize                   = 5839372                                {pd product} {ergonomic}
    uintx NonProfiledCodeHeapSize                  = 122909434                              {pd product} {ergonomic}
    uintx ProfiledCodeHeapSize                     = 122909434                              {pd product} {ergonomic}
    uintx ReservedCodeCacheSize                    = 251658240                              {pd product} {ergonomic}
     bool SegmentedCodeCache                       = true                                      {product} {ergonomic}
   size_t SoftMaxHeapSize                          = 2095054848                             {manageable} {ergonomic}
     bool UseCompressedClassPointers               = true                           {product lp64_product} {ergonomic}
     bool UseCompressedOops                        = true                           {product lp64_product} {ergonomic}
     bool UseG1GC                                  = true                                      {product} {ergonomic}
     bool UseLargePagesIndividualAllocation        = false                                  {pd product} {ergonomic}

Logging:
Log output configuration:
 #0: stdout all=warning uptime,level,tags
 #1: stderr all=off uptime,level,tags

Environment Variables:
PATH=C:\Program Files\Java\jdk-17\bin;C:\Program Files (x86)\Common Files\Oracle\Java\javapath;C:\Program Files\Common Files\Oracle\Java\javapath;D:\app\User_oracle\product\12.2.0\client_1\bin;D:\php-8.3.10;C:\Program Files (x86)\Common Files\Intel\Shared Libraries\redist\intel64\compiler;C:\Program Files\Microsoft\jdk-11.0.12.7-hotspot\bin;C:\Windows\system32;C:\Windows;C:\Windows\System32\Wbem;C:\Windows\System32\WindowsPowerShell\v1.0\;C:\Windows\System32\OpenSSH\;C:\Program Files\Microsoft SQL Server\150\Tools\Binn\;C:\Program Files\Microsoft SQL Server\Client SDK\ODBC\170\Tools\Binn\;C:\Program Files\dotnet\;C:\ProgramData\chocolatey\bin;C:\Program Files\gs\gs10.00.0\bin;C:\Program Files\gs\gs10.00.0\lib;C:\WINDOWS\system32;C:\WINDOWS;C:\WINDOWS\System32\Wbem;C:\WINDOWS\System32\WindowsPowerShell\v1.0\;C:\WINDOWS\System32\OpenSSH\;C:\Program Files\PuTTY\;D:\apache-maven-3.9.9\bin;C:\ProgramData\ComposerSetup\bin;C:\Program Files\nodejs\;C:\Program Files\Git\cmd;C:\Program Files\TortoiseGit\bin;C:\Users\user\AppData\Local\Programs\Python\Python311\Scripts\;C:\Users\user\AppData\Local\Programs\Python\Python311\;C:\Program Files\MySQL\MySQL Shell 8.0\bin\;C:\Users\user\AppData\Local\Microsoft\WindowsApps;C:\Users\user\AppData\Local\Programs\Microsoft VS Code\bin;C:\Users\user\.dotnet\tools;C:\ProgramData\user\atom\bin;C:\Program Files\Inkscape\bin;C:\Users\user\AppData\Local\GitHubDesktop\bin;C:\Users\user\AppData\Local\Microsoft\WindowsApps;D:\.Intellij\IntelliJ IDEA Community Edition 2024.2.0.2\bin;C:\Users\user\AppData\Roaming\Composer\vendor\bin;C:\Users\user\AppData\Roaming\npm;C:\Program Files (x86)\Nmap
USERNAME=user
OS=Windows_NT
PROCESSOR_IDENTIFIER=Intel64 Family 6 Model 140 Stepping 1, GenuineIntel



---------------  S Y S T E M  ---------------

OS:
 Windows 11 , 64 bit Build 22621 (10.0.22621.5262)
OS uptime: 0 days 22:03 hours
Hyper-V role detected

CPU: total 8 (initial active 8) (4 cores per cpu, 2 threads per core) family 6 model 140 stepping 1 microcode 0x8a, cx8, cmov, fxsr, ht, mmx, 3dnowpref, sse, sse2, sse3, ssse3, sse4.1, sse4.2, popcnt, lzcnt, tsc, tscinvbit, avx, avx2, aes, erms, clmul, bmi1, bmi2, adx, avx512f, avx512dq, avx512cd, avx512bw, avx512vl, sha, fma, vzeroupper, avx512_vpopcntdq, avx512_vpclmulqdq, avx512_vaes, avx512_vnni, clflush, clflushopt, clwb, avx512_vbmi2, avx512_vbmi, hv

Memory: 4k page, system-wide physical 7991M (344M free)
TotalPageFile size 13566M (AvailPageFile size 4M)
current process WorkingSet (physical memory assigned to process): 131M, peak: 131M
current process commit charge ("private bytes"): 260M, peak: 260M

vm_info: Java HotSpot(TM) 64-Bit Server VM (17.0.14+8-LTS-191) for windows-amd64 JRE (17.0.14+8-LTS-191), built on Dec  3 2024 11:07:59 by "mach5one" with MS VC++ 17.6 (VS2022)

END.
