#
# There is insufficient memory for the Java Runtime Environment to continue.
# Native memory allocation (mmap) failed to map 33554432 bytes for G1 virtual space
# Possible reasons:
#   The system is out of physical RAM or swap space
#   The process is running with CompressedOops enabled, and the Java Heap may be blocking the growth of the native heap
# Possible solutions:
#   Reduce memory load on the system
#   Increase physical memory or swap space
#   Check if swap backing store is full
#   Decrease Java heap size (-Xmx/-Xms)
#   Decrease number of Java threads
#   Decrease Java thread stack sizes (-Xss)
#   Set larger code cache with -XX:ReservedCodeCacheSize=
#   JVM is running with Unscaled Compressed Oops mode in which the Java heap is
#     placed in the first 4GB address space. The Java Heap base address is the
#     maximum limit for the native heap growth. Please use -XX:HeapBaseMinAddress
#     to set the Java Heap base and to place the Java Heap above 4GB virtual address.
# This output file may be truncated or incomplete.
#
#  Out of Memory Error (os_windows.cpp:3551), pid=17520, tid=13884
#
# JRE version: Java(TM) SE Runtime Environment (17.0.14+8) (build 17.0.14+8-LTS-191)
# Java VM: Java HotSpot(TM) 64-Bit Server VM (17.0.14+8-LTS-191, mixed mode, sharing, tiered, compressed oops, compressed class ptrs, g1 gc, windows-amd64)
# No core dump will be written. Minidumps are not enabled by default on client versions of Windows
#

---------------  S U M M A R Y ------------

Command Line: -javaagent:D:\.Intellij\IntelliJ IDEA Community Edition 2024.2.0.2\lib\idea_rt.jar=28904:D:\.Intellij\IntelliJ IDEA Community Edition 2024.2.0.2\bin -Dfile.encoding=UTF-8 com.website.RRE.RreApplication

Host: 11th Gen Intel(R) Core(TM) i5-1135G7 @ 2.40GHz, 8 cores, 7G,  Windows 11 , 64 bit Build 22621 (10.0.22621.5262)
Time: Thu May 15 19:40:45 2025 E. Africa Standard Time elapsed time: 3.926049 seconds (0d 0h 0m 3s)

---------------  T H R E A D  ---------------

Current thread (0x0000023a7fedee00):  VMThread "VM Thread" [stack: 0x00000074f4700000,0x00000074f4800000] [id=13884]

Stack: [0x00000074f4700000,0x00000074f4800000]
Native frames: (J=compiled Java code, j=interpreted, Vv=VM code, C=native code)
V  [jvm.dll+0x67a38a]
V  [jvm.dll+0x7da7ed]
V  [jvm.dll+0x7dc133]
V  [jvm.dll+0x7dc7a3]
V  [jvm.dll+0x24517f]
V  [jvm.dll+0x6773b9]
V  [jvm.dll+0x66c062]
V  [jvm.dll+0x302096]
V  [jvm.dll+0x309636]
V  [jvm.dll+0x359f8e]
V  [jvm.dll+0x35a1bf]
V  [jvm.dll+0x2d9168]
V  [jvm.dll+0x2d759d]
V  [jvm.dll+0x2d6bec]
V  [jvm.dll+0x31a74b]
V  [jvm.dll+0x7e109b]
V  [jvm.dll+0x7e1dd4]
V  [jvm.dll+0x7e22ed]
V  [jvm.dll+0x7e26c4]
V  [jvm.dll+0x7e2790]
V  [jvm.dll+0x78b04a]
V  [jvm.dll+0x679275]
C  [ucrtbase.dll+0x29333]
C  [KERNEL32.DLL+0x1259d]
C  [ntdll.dll+0x5af58]

VM_Operation (0x00000074f64fd880): G1CollectForAllocation, mode: safepoint, requested by thread 0x0000023a5a3959e0


---------------  P R O C E S S  ---------------

Threads class SMR info:
_java_thread_list=0x0000023a597cc7c0, length=20, elements={
0x0000023a74dbc3c0, 0x0000023a7fee38e0, 0x0000023a7fee48b0, 0x0000023a7fef3d50,
0x0000023a7fef5920, 0x0000023a7fefa300, 0x0000023a7fefacc0, 0x0000023a7fefba60,
0x0000023a7fefc510, 0x0000023a7ff01b40, 0x0000023a581829d0, 0x0000023a581e35a0,
0x0000023a58370fe0, 0x0000023a58373f70, 0x0000023a5a8cd7b0, 0x0000023a5a8cdc90,
0x0000023a5a892c90, 0x0000023a5a397330, 0x0000023a5a3954d0, 0x0000023a5a3959e0
}

Java Threads: ( => current thread )
  0x0000023a74dbc3c0 JavaThread "main" [_thread_blocked, id=19316, stack(0x00000074f4100000,0x00000074f4200000)]
  0x0000023a7fee38e0 JavaThread "Reference Handler" daemon [_thread_blocked, id=17352, stack(0x00000074f4800000,0x00000074f4900000)]
  0x0000023a7fee48b0 JavaThread "Finalizer" daemon [_thread_blocked, id=10684, stack(0x00000074f4900000,0x00000074f4a00000)]
  0x0000023a7fef3d50 JavaThread "Signal Dispatcher" daemon [_thread_blocked, id=17064, stack(0x00000074f4a00000,0x00000074f4b00000)]
  0x0000023a7fef5920 JavaThread "Attach Listener" daemon [_thread_blocked, id=10268, stack(0x00000074f4b00000,0x00000074f4c00000)]
  0x0000023a7fefa300 JavaThread "Service Thread" daemon [_thread_blocked, id=18236, stack(0x00000074f4c00000,0x00000074f4d00000)]
  0x0000023a7fefacc0 JavaThread "Monitor Deflation Thread" daemon [_thread_blocked, id=18412, stack(0x00000074f4d00000,0x00000074f4e00000)]
  0x0000023a7fefba60 JavaThread "C2 CompilerThread0" daemon [_thread_blocked, id=3888, stack(0x00000074f4e00000,0x00000074f4f00000)]
  0x0000023a7fefc510 JavaThread "C1 CompilerThread0" daemon [_thread_blocked, id=18448, stack(0x00000074f4f00000,0x00000074f5000000)]
  0x0000023a7ff01b40 JavaThread "Sweeper thread" daemon [_thread_blocked, id=13468, stack(0x00000074f5000000,0x00000074f5100000)]
  0x0000023a581829d0 JavaThread "Common-Cleaner" daemon [_thread_blocked, id=5184, stack(0x00000074f5100000,0x00000074f5200000)]
  0x0000023a581e35a0 JavaThread "C2 CompilerThread1" daemon [_thread_blocked, id=16440, stack(0x00000074f5200000,0x00000074f5300000)]
  0x0000023a58370fe0 JavaThread "Monitor Ctrl-Break" daemon [_thread_in_native, id=17508, stack(0x00000074f5300000,0x00000074f5400000)]
  0x0000023a58373f70 JavaThread "Notification Thread" daemon [_thread_blocked, id=11460, stack(0x00000074f5400000,0x00000074f5500000)]
  0x0000023a5a8cd7b0 JavaThread "Catalina-utility-1" [_thread_blocked, id=4716, stack(0x00000074f5e00000,0x00000074f5f00000)]
  0x0000023a5a8cdc90 JavaThread "Catalina-utility-2" [_thread_blocked, id=15240, stack(0x00000074f5f00000,0x00000074f6000000)]
  0x0000023a5a892c90 JavaThread "container-0" [_thread_blocked, id=11668, stack(0x00000074f6000000,0x00000074f6100000)]
  0x0000023a5a397330 JavaThread "mysql-cj-abandoned-connection-cleanup" daemon [_thread_blocked, id=17624, stack(0x00000074f6100000,0x00000074f6200000)]
  0x0000023a5a3954d0 JavaThread "HikariPool-1 housekeeper" daemon [_thread_blocked, id=10372, stack(0x00000074f6300000,0x00000074f6400000)]
  0x0000023a5a3959e0 JavaThread "HikariPool-1 connection adder" daemon [_thread_blocked, id=16372, stack(0x00000074f6400000,0x00000074f6500000)]

Other Threads:
=>0x0000023a7fedee00 VMThread "VM Thread" [stack: 0x00000074f4700000,0x00000074f4800000] [id=13884]
  0x0000023a58507c50 WatcherThread [stack: 0x00000074f5500000,0x00000074f5600000] [id=6320]
  0x0000023a74e17e60 GCTaskThread "GC Thread#0" [stack: 0x00000074f4200000,0x00000074f4300000] [id=10380]
  0x0000023a5838fee0 GCTaskThread "GC Thread#1" [stack: 0x00000074f5600000,0x00000074f5700000] [id=18616]
  0x0000023a583901a0 GCTaskThread "GC Thread#2" [stack: 0x00000074f5700000,0x00000074f5800000] [id=18488]
  0x0000023a58390460 GCTaskThread "GC Thread#3" [stack: 0x00000074f5800000,0x00000074f5900000] [id=17856]
  0x0000023a58390720 GCTaskThread "GC Thread#4" [stack: 0x00000074f5900000,0x00000074f5a00000] [id=16072]
  0x0000023a5838eba0 GCTaskThread "GC Thread#5" [stack: 0x00000074f5a00000,0x00000074f5b00000] [id=14772]
  0x0000023a5838f120 GCTaskThread "GC Thread#6" [stack: 0x00000074f5c00000,0x00000074f5d00000] [id=9456]
  0x0000023a5838f960 GCTaskThread "GC Thread#7" [stack: 0x00000074f5d00000,0x00000074f5e00000] [id=17456]
  0x0000023a74e28770 ConcurrentGCThread "G1 Main Marker" [stack: 0x00000074f4300000,0x00000074f4400000] [id=8844]
  0x0000023a74e29180 ConcurrentGCThread "G1 Conc#0" [stack: 0x00000074f4400000,0x00000074f4500000] [id=2396]
  0x0000023a5997d260 ConcurrentGCThread "G1 Conc#1" [stack: 0x00000074f5b00000,0x00000074f5c00000] [id=2888]
  0x0000023a74e7d8b0 ConcurrentGCThread "G1 Refine#0" [stack: 0x00000074f4500000,0x00000074f4600000] [id=18328]
  0x0000023a74e7e2e0 ConcurrentGCThread "G1 Service" [stack: 0x00000074f4600000,0x00000074f4700000] [id=14868]

Threads with active compile tasks:
C2 CompilerThread0     3937 4887       4       sun.security.provider.SHA5::implCompress0 (346 bytes)

VM state: at safepoint (normal execution)

VM Mutex/Monitor currently owned by a thread:  ([mutex/lock_event])
[0x0000023a74db84e0] Threads_lock - owner thread: 0x0000023a7fedee00
[0x0000023a74db8d50] Heap_lock - owner thread: 0x0000023a5a3959e0

Heap address: 0x0000000083200000, size: 1998 MB, Compressed Oops mode: 32-bit

CDS archive(s) mapped at: [0x0000023a13000000-0x0000023a13bd0000-0x0000023a13bd0000), size 12386304, SharedBaseAddress: 0x0000023a13000000, ArchiveRelocationMode: 1.
Compressed class space mapped at: 0x0000023a14000000-0x0000023a54000000, reserved size: 1073741824
Narrow klass base: 0x0000023a13000000, Narrow klass shift: 0, Narrow klass range: 0x100000000

GC Precious Log:
 CPUs: 8 total, 8 available
 Memory: 7991M
 Large Page Support: Disabled
 NUMA Support: Disabled
 Compressed Oops: Enabled (32-bit)
 Heap Region Size: 1M
 Heap Min Capacity: 8M
 Heap Initial Capacity: 126M
 Heap Max Capacity: 1998M
 Pre-touch: Disabled
 Parallel Workers: 8
 Concurrent Workers: 2
 Concurrent Refinement Workers: 8
 Periodic GC: Disabled

Heap:
 garbage-first heap   total 77824K, used 22765K [0x0000000083200000, 0x0000000100000000)
  region size 1024K, 2 young (2048K), 2 survivors (2048K)
 Metaspace       used 49726K, committed 50240K, reserved 1114112K
  class space    used 6481K, committed 6720K, reserved 1048576K

Heap Regions: E=young(eden), S=young(survivor), O=old, HS=humongous(starts), HC=humongous(continues), CS=collection set, F=free, OA=open archive, CA=closed archive, TAMS=top-at-mark-start (previous, next)
|   0|0x0000000083200000, 0x0000000083300000, 0x0000000083300000|100%|HS|  |TAMS 0x0000000083300000, 0x0000000083200000| Complete 
|   1|0x0000000083300000, 0x0000000083400000, 0x0000000083400000|100%|HS|  |TAMS 0x0000000083400000, 0x0000000083300000| Complete 
|   2|0x0000000083400000, 0x0000000083500000, 0x0000000083500000|100%| O|  |TAMS 0x0000000083500000, 0x0000000083400000| Untracked 
|   3|0x0000000083500000, 0x0000000083600000, 0x0000000083600000|100%| O|  |TAMS 0x0000000083600000, 0x0000000083500000| Untracked 
|   4|0x0000000083600000, 0x0000000083700000, 0x0000000083700000|100%| O|  |TAMS 0x0000000083700000, 0x0000000083600000| Untracked 
|   5|0x0000000083700000, 0x0000000083800000, 0x0000000083800000|100%| O|  |TAMS 0x0000000083800000, 0x0000000083700000| Untracked 
|   6|0x0000000083800000, 0x0000000083900000, 0x0000000083900000|100%| O|  |TAMS 0x0000000083900000, 0x0000000083800000| Untracked 
|   7|0x0000000083900000, 0x0000000083a00000, 0x0000000083a00000|100%| O|  |TAMS 0x0000000083900000, 0x0000000083900000| Untracked 
|   8|0x0000000083a00000, 0x0000000083b00000, 0x0000000083b00000|100%| O|  |TAMS 0x0000000083b00000, 0x0000000083a00000| Untracked 
|   9|0x0000000083b00000, 0x0000000083c00000, 0x0000000083c00000|100%| O|  |TAMS 0x0000000083c00000, 0x0000000083b00000| Untracked 
|  10|0x0000000083c00000, 0x0000000083d00000, 0x0000000083d00000|100%| O|  |TAMS 0x0000000083d00000, 0x0000000083c00000| Untracked 
|  11|0x0000000083d00000, 0x0000000083e00000, 0x0000000083e00000|100%| O|  |TAMS 0x0000000083e00000, 0x0000000083d00000| Untracked 
|  12|0x0000000083e00000, 0x0000000083f00000, 0x0000000083f00000|100%| O|  |TAMS 0x0000000083f00000, 0x0000000083e00000| Untracked 
|  13|0x0000000083f00000, 0x0000000084000000, 0x0000000084000000|100%| O|  |TAMS 0x0000000084000000, 0x0000000083f00000| Untracked 
|  14|0x0000000084000000, 0x0000000084100000, 0x0000000084100000|100%| O|  |TAMS 0x0000000084100000, 0x0000000084000000| Untracked 
|  15|0x0000000084100000, 0x0000000084200000, 0x0000000084200000|100%| O|  |TAMS 0x0000000084200000, 0x0000000084100000| Untracked 
|  16|0x0000000084200000, 0x0000000084300000, 0x0000000084300000|100%| O|  |TAMS 0x0000000084300000, 0x0000000084200000| Untracked 
|  17|0x0000000084300000, 0x0000000084300000, 0x0000000084400000|  0%| F|  |TAMS 0x0000000084300000, 0x0000000084300000| Untracked 
|  18|0x0000000084400000, 0x0000000084500000, 0x0000000084500000|100%| O|  |TAMS 0x0000000084400000, 0x0000000084400000| Untracked 
|  19|0x0000000084500000, 0x0000000084600000, 0x0000000084600000|100%| O|  |TAMS 0x0000000084500000, 0x0000000084500000| Untracked 
|  20|0x0000000084600000, 0x0000000084700000, 0x0000000084700000|100%| O|  |TAMS 0x0000000084600000, 0x0000000084600000| Untracked 
|  21|0x0000000084700000, 0x00000000847cbc00, 0x0000000084800000| 79%| O|  |TAMS 0x0000000084700000, 0x0000000084700000| Untracked 
|  22|0x0000000084800000, 0x0000000084800000, 0x0000000084900000|  0%| F|  |TAMS 0x0000000084800000, 0x0000000084800000| Untracked 
|  23|0x0000000084900000, 0x0000000084900000, 0x0000000084a00000|  0%| F|  |TAMS 0x0000000084900000, 0x0000000084900000| Untracked 
|  24|0x0000000084a00000, 0x0000000084a00000, 0x0000000084b00000|  0%| F|  |TAMS 0x0000000084a00000, 0x0000000084a00000| Untracked 
|  25|0x0000000084b00000, 0x0000000084b00000, 0x0000000084c00000|  0%| F|  |TAMS 0x0000000084b00000, 0x0000000084b00000| Untracked 
|  26|0x0000000084c00000, 0x0000000084c00000, 0x0000000084d00000|  0%| F|  |TAMS 0x0000000084c00000, 0x0000000084c00000| Untracked 
|  27|0x0000000084d00000, 0x0000000084d00000, 0x0000000084e00000|  0%| F|  |TAMS 0x0000000084d00000, 0x0000000084d00000| Untracked 
|  28|0x0000000084e00000, 0x0000000084e00000, 0x0000000084f00000|  0%| F|  |TAMS 0x0000000084e00000, 0x0000000084e00000| Untracked 
|  29|0x0000000084f00000, 0x0000000084f00000, 0x0000000085000000|  0%| F|  |TAMS 0x0000000084f00000, 0x0000000084f00000| Untracked 
|  30|0x0000000085000000, 0x0000000085000000, 0x0000000085100000|  0%| F|  |TAMS 0x0000000085000000, 0x0000000085000000| Untracked 
|  31|0x0000000085100000, 0x000000008516f9e0, 0x0000000085200000| 43%| S|CS|TAMS 0x0000000085100000, 0x0000000085100000| Complete 
|  32|0x0000000085200000, 0x0000000085300000, 0x0000000085300000|100%| S|CS|TAMS 0x0000000085200000, 0x0000000085200000| Complete 
|  33|0x0000000085300000, 0x0000000085300000, 0x0000000085400000|  0%| F|  |TAMS 0x0000000085300000, 0x0000000085300000| Untracked 
|  34|0x0000000085400000, 0x0000000085400000, 0x0000000085500000|  0%| F|  |TAMS 0x0000000085400000, 0x0000000085400000| Untracked 
|  35|0x0000000085500000, 0x0000000085500000, 0x0000000085600000|  0%| F|  |TAMS 0x0000000085500000, 0x0000000085500000| Untracked 
|  36|0x0000000085600000, 0x0000000085600000, 0x0000000085700000|  0%| F|  |TAMS 0x0000000085600000, 0x0000000085600000| Untracked 
|  37|0x0000000085700000, 0x0000000085700000, 0x0000000085800000|  0%| F|  |TAMS 0x0000000085700000, 0x0000000085700000| Untracked 
|  38|0x0000000085800000, 0x0000000085800000, 0x0000000085900000|  0%| F|  |TAMS 0x0000000085800000, 0x0000000085800000| Untracked 
|  39|0x0000000085900000, 0x0000000085900000, 0x0000000085a00000|  0%| F|  |TAMS 0x0000000085900000, 0x0000000085900000| Untracked 
|  40|0x0000000085a00000, 0x0000000085a00000, 0x0000000085b00000|  0%| F|  |TAMS 0x0000000085a00000, 0x0000000085a00000| Untracked 
|  41|0x0000000085b00000, 0x0000000085b00000, 0x0000000085c00000|  0%| F|  |TAMS 0x0000000085b00000, 0x0000000085b00000| Untracked 
|  42|0x0000000085c00000, 0x0000000085c00000, 0x0000000085d00000|  0%| F|  |TAMS 0x0000000085c00000, 0x0000000085c00000| Untracked 
|  43|0x0000000085d00000, 0x0000000085d00000, 0x0000000085e00000|  0%| F|  |TAMS 0x0000000085d00000, 0x0000000085d00000| Untracked 
|  44|0x0000000085e00000, 0x0000000085e00000, 0x0000000085f00000|  0%| F|  |TAMS 0x0000000085e00000, 0x0000000085e00000| Untracked 
|  45|0x0000000085f00000, 0x0000000085f00000, 0x0000000086000000|  0%| F|  |TAMS 0x0000000085f00000, 0x0000000085f00000| Untracked 
|  46|0x0000000086000000, 0x0000000086000000, 0x0000000086100000|  0%| F|  |TAMS 0x0000000086000000, 0x0000000086000000| Untracked 
|  47|0x0000000086100000, 0x0000000086100000, 0x0000000086200000|  0%| F|  |TAMS 0x0000000086100000, 0x0000000086100000| Untracked 
|  48|0x0000000086200000, 0x0000000086200000, 0x0000000086300000|  0%| F|  |TAMS 0x0000000086200000, 0x0000000086200000| Untracked 
|  49|0x0000000086300000, 0x0000000086300000, 0x0000000086400000|  0%| F|  |TAMS 0x0000000086300000, 0x0000000086300000| Untracked 
|  50|0x0000000086400000, 0x0000000086400000, 0x0000000086500000|  0%| F|  |TAMS 0x0000000086400000, 0x0000000086400000| Untracked 
|  51|0x0000000086500000, 0x0000000086500000, 0x0000000086600000|  0%| F|  |TAMS 0x0000000086500000, 0x0000000086500000| Untracked 
|  52|0x0000000086600000, 0x0000000086600000, 0x0000000086700000|  0%| F|  |TAMS 0x0000000086600000, 0x0000000086600000| Untracked 
|  53|0x0000000086700000, 0x0000000086700000, 0x0000000086800000|  0%| F|  |TAMS 0x0000000086700000, 0x0000000086700000| Untracked 
|  54|0x0000000086800000, 0x0000000086800000, 0x0000000086900000|  0%| F|  |TAMS 0x0000000086800000, 0x0000000086800000| Untracked 
|  55|0x0000000086900000, 0x0000000086900000, 0x0000000086a00000|  0%| F|  |TAMS 0x0000000086900000, 0x0000000086900000| Untracked 
|  56|0x0000000086a00000, 0x0000000086a00000, 0x0000000086b00000|  0%| F|  |TAMS 0x0000000086a00000, 0x0000000086a00000| Untracked 
|  57|0x0000000086b00000, 0x0000000086b00000, 0x0000000086c00000|  0%| F|  |TAMS 0x0000000086b00000, 0x0000000086b00000| Untracked 
|  58|0x0000000086c00000, 0x0000000086c00000, 0x0000000086d00000|  0%| F|  |TAMS 0x0000000086c00000, 0x0000000086c00000| Untracked 
|  59|0x0000000086d00000, 0x0000000086d00000, 0x0000000086e00000|  0%| F|  |TAMS 0x0000000086d00000, 0x0000000086d00000| Untracked 
|  60|0x0000000086e00000, 0x0000000086e00000, 0x0000000086f00000|  0%| F|  |TAMS 0x0000000086e00000, 0x0000000086e00000| Untracked 
|  61|0x0000000086f00000, 0x0000000086f00000, 0x0000000087000000|  0%| F|  |TAMS 0x0000000086f00000, 0x0000000086f00000| Untracked 
|  62|0x0000000087000000, 0x0000000087000000, 0x0000000087100000|  0%| F|  |TAMS 0x0000000087000000, 0x0000000087000000| Untracked 
|  63|0x0000000087100000, 0x0000000087100000, 0x0000000087200000|  0%| F|  |TAMS 0x0000000087100000, 0x0000000087100000| Untracked 
|  64|0x0000000087200000, 0x0000000087200000, 0x0000000087300000|  0%| F|  |TAMS 0x0000000087200000, 0x0000000087200000| Untracked 
|  65|0x0000000087300000, 0x0000000087300000, 0x0000000087400000|  0%| F|  |TAMS 0x0000000087300000, 0x0000000087300000| Untracked 
|  66|0x0000000087400000, 0x0000000087400000, 0x0000000087500000|  0%| F|  |TAMS 0x0000000087400000, 0x0000000087400000| Untracked 
|  67|0x0000000087500000, 0x0000000087500000, 0x0000000087600000|  0%| F|  |TAMS 0x0000000087500000, 0x0000000087500000| Untracked 
|  68|0x0000000087600000, 0x0000000087600000, 0x0000000087700000|  0%| F|  |TAMS 0x0000000087600000, 0x0000000087600000| Untracked 
|  69|0x0000000087700000, 0x0000000087700000, 0x0000000087800000|  0%| F|  |TAMS 0x0000000087700000, 0x0000000087700000| Untracked 
|  70|0x0000000087800000, 0x0000000087800000, 0x0000000087900000|  0%| F|  |TAMS 0x0000000087800000, 0x0000000087800000| Untracked 
|  71|0x0000000087900000, 0x0000000087900000, 0x0000000087a00000|  0%| F|  |TAMS 0x0000000087900000, 0x0000000087900000| Untracked 
|  72|0x0000000087a00000, 0x0000000087a00000, 0x0000000087b00000|  0%| F|  |TAMS 0x0000000087a00000, 0x0000000087a00000| Untracked 
|  73|0x0000000087b00000, 0x0000000087b00000, 0x0000000087c00000|  0%| F|  |TAMS 0x0000000087b00000, 0x0000000087b00000| Untracked 
|  74|0x0000000087c00000, 0x0000000087c00000, 0x0000000087d00000|  0%| F|  |TAMS 0x0000000087c00000, 0x0000000087c00000| Untracked 
| 125|0x000000008af00000, 0x000000008af00000, 0x000000008b000000|  0%| F|  |TAMS 0x000000008af00000, 0x000000008af00000| Untracked 

Card table byte_map: [0x0000023a7cdb0000,0x0000023a7d1a0000] _byte_map_base: 0x0000023a7c997000

Marking Bits (Prev, Next): (CMBitMap*) 0x0000023a74e18480, (CMBitMap*) 0x0000023a74e184c0
 Prev Bits: [0x0000023a7d590000, 0x0000023a7f4c8000)
 Next Bits: [0x0000023a0f000000, 0x0000023a10f38000)

Polling page: 0x0000023a74580000

Metaspace:

Usage:
  Non-class:     42.23 MB used.
      Class:      6.33 MB used.
       Both:     48.56 MB used.

Virtual space:
  Non-class space:       64.00 MB reserved,      42.50 MB ( 66%) committed,  1 nodes.
      Class space:        1.00 GB reserved,       6.56 MB ( <1%) committed,  1 nodes.
             Both:        1.06 GB reserved,      49.06 MB (  5%) committed. 

Chunk freelists:
   Non-Class:  5.05 MB
       Class:  9.34 MB
        Both:  14.39 MB

MaxMetaspaceSize: unlimited
CompressedClassSpaceSize: 1.00 GB
Initial GC threshold: 21.00 MB
Current GC threshold: 59.00 MB
CDS: on
MetaspaceReclaimPolicy: balanced
 - commit_granule_bytes: 65536.
 - commit_granule_words: 8192.
 - virtual_space_node_default_size: 8388608.
 - enlarge_chunks_in_place: 1.
 - new_chunks_are_fully_committed: 0.
 - uncommit_free_chunks: 1.
 - use_allocation_guard: 0.
 - handle_deallocations: 1.


Internal statistics:

num_allocs_failed_limit: 6.
num_arena_births: 644.
num_arena_deaths: 0.
num_vsnodes_births: 2.
num_vsnodes_deaths: 0.
num_space_committed: 785.
num_space_uncommitted: 0.
num_chunks_returned_to_freelist: 6.
num_chunks_taken_from_freelist: 2349.
num_chunk_merges: 6.
num_chunk_splits: 1657.
num_chunks_enlarged: 1279.
num_inconsistent_stats: 0.

CodeHeap 'non-profiled nmethods': size=120000Kb used=2781Kb max_used=2781Kb free=117218Kb
 bounds [0x0000023a07ad0000, 0x0000023a07d90000, 0x0000023a0f000000]
CodeHeap 'profiled nmethods': size=120000Kb used=10248Kb max_used=10248Kb free=109751Kb
 bounds [0x0000023a00000000, 0x0000023a00a10000, 0x0000023a07530000]
CodeHeap 'non-nmethods': size=5760Kb used=1309Kb max_used=1360Kb free=4450Kb
 bounds [0x0000023a07530000, 0x0000023a077a0000, 0x0000023a07ad0000]
 total_blobs=5498 nmethods=4881 adapters=529
 compilation: enabled
              stopped_count=0, restarted_count=0
 full_count=0

Compilation events (20 events):
Event: 3.900 Thread 0x0000023a7fefba60 nmethod 4842 0x0000023a07d86a90 code [0x0000023a07d86c20, 0x0000023a07d87188]
Event: 3.918 Thread 0x0000023a7fefba60 4878       4       java.util.stream.Sink$ChainedReference::cancellationRequested (10 bytes)
Event: 3.919 Thread 0x0000023a7fefc510 4879       3       sun.security.util.DisabledAlgorithmConstraints$KeySizeConstraint::permits (86 bytes)
Event: 3.919 Thread 0x0000023a7fefba60 nmethod 4878 0x0000023a07d87310 code [0x0000023a07d87480, 0x0000023a07d87518]
Event: 3.919 Thread 0x0000023a7fefc510 nmethod 4879 0x0000023a009fca90 code [0x0000023a009fcc80, 0x0000023a009fd198]
Event: 3.919 Thread 0x0000023a7fefc510 4880   !   3       sun.security.util.KeyUtil::getKeySize (183 bytes)
Event: 3.920 Thread 0x0000023a7fefc510 nmethod 4880 0x0000023a009fd310 code [0x0000023a009fd620, 0x0000023a009fe898]
Event: 3.920 Thread 0x0000023a7fefc510 4881       3       java.security.spec.ECFieldFp::getFieldSize (8 bytes)
Event: 3.920 Thread 0x0000023a7fefc510 nmethod 4881 0x0000023a009ff110 code [0x0000023a009ff2c0, 0x0000023a009ff428]
Event: 3.920 Thread 0x0000023a7fefc510 4882   !   3       sun.security.provider.DigestBase::engineDigest (39 bytes)
Event: 3.920 Thread 0x0000023a7fefc510 nmethod 4882 0x0000023a009ff510 code [0x0000023a009ff6e0, 0x0000023a009ffb88]
Event: 3.920 Thread 0x0000023a7fefc510 4883       3       java.math.BigInteger::add (123 bytes)
Event: 3.920 Thread 0x0000023a7fefc510 nmethod 4883 0x0000023a009ffd10 code [0x0000023a009fff40, 0x0000023a00a00528]
Event: 3.922 Thread 0x0000023a7fefc510 4884       3       sun.security.jca.GetInstance::getServices (11 bytes)
Event: 3.922 Thread 0x0000023a7fefc510 nmethod 4884 0x0000023a00a00710 code [0x0000023a00a008e0, 0x0000023a00a00d98]
Event: 3.922 Thread 0x0000023a7fefc510 4886       3       java.lang.System::getProperty (25 bytes)
Event: 3.922 Thread 0x0000023a7fefc510 nmethod 4886 0x0000023a00a00f10 code [0x0000023a00a01120, 0x0000023a00a01818]
Event: 3.922 Thread 0x0000023a7fefc510 4885       3       sun.security.jca.ProviderList$ServiceList::<init> (40 bytes)
Event: 3.922 Thread 0x0000023a7fefc510 nmethod 4885 0x0000023a00a01a90 code [0x0000023a00a01c40, 0x0000023a00a01ff8]
Event: 3.922 Thread 0x0000023a7fefba60 4887       4       sun.security.provider.SHA5::implCompress0 (346 bytes)

GC Heap History (20 events):
Event: 0.620 GC heap after
{Heap after GC invocations=1 (full 0):
 garbage-first heap   total 129024K, used 7573K [0x0000000083200000, 0x0000000100000000)
  region size 1024K, 3 young (3072K), 3 survivors (3072K)
 Metaspace       used 6654K, committed 6848K, reserved 1114112K
  class space    used 797K, committed 896K, reserved 1048576K
}
Event: 0.996 GC heap before
{Heap before GC invocations=1 (full 0):
 garbage-first heap   total 129024K, used 33173K [0x0000000083200000, 0x0000000100000000)
  region size 1024K, 29 young (29696K), 3 survivors (3072K)
 Metaspace       used 13327K, committed 13504K, reserved 1114112K
  class space    used 1646K, committed 1728K, reserved 1048576K
}
Event: 1.001 GC heap after
{Heap after GC invocations=2 (full 0):
 garbage-first heap   total 129024K, used 10194K [0x0000000083200000, 0x0000000100000000)
  region size 1024K, 3 young (3072K), 3 survivors (3072K)
 Metaspace       used 13327K, committed 13504K, reserved 1114112K
  class space    used 1646K, committed 1728K, reserved 1048576K
}
Event: 1.887 GC heap before
{Heap before GC invocations=2 (full 0):
 garbage-first heap   total 129024K, used 57298K [0x0000000083200000, 0x0000000100000000)
  region size 1024K, 51 young (52224K), 3 survivors (3072K)
 Metaspace       used 21276K, committed 21504K, reserved 1114112K
  class space    used 2634K, committed 2752K, reserved 1048576K
}
Event: 1.894 GC heap after
{Heap after GC invocations=3 (full 0):
 garbage-first heap   total 129024K, used 14323K [0x0000000083200000, 0x0000000100000000)
  region size 1024K, 7 young (7168K), 7 survivors (7168K)
 Metaspace       used 21276K, committed 21504K, reserved 1114112K
  class space    used 2634K, committed 2752K, reserved 1048576K
}
Event: 2.343 GC heap before
{Heap before GC invocations=4 (full 0):
 garbage-first heap   total 55296K, used 39923K [0x0000000083200000, 0x0000000100000000)
  region size 1024K, 32 young (32768K), 7 survivors (7168K)
 Metaspace       used 25511K, committed 25920K, reserved 1114112K
  class space    used 3300K, committed 3520K, reserved 1048576K
}
Event: 2.353 GC heap after
{Heap after GC invocations=5 (full 0):
 garbage-first heap   total 55296K, used 17027K [0x0000000083200000, 0x0000000100000000)
  region size 1024K, 3 young (3072K), 3 survivors (3072K)
 Metaspace       used 25511K, committed 25920K, reserved 1114112K
  class space    used 3300K, committed 3520K, reserved 1048576K
}
Event: 2.370 GC heap before
{Heap before GC invocations=5 (full 0):
 garbage-first heap   total 55296K, used 18051K [0x0000000083200000, 0x0000000100000000)
  region size 1024K, 4 young (4096K), 3 survivors (3072K)
 Metaspace       used 25595K, committed 25984K, reserved 1114112K
  class space    used 3311K, committed 3520K, reserved 1048576K
}
Event: 2.374 GC heap after
{Heap after GC invocations=6 (full 0):
 garbage-first heap   total 55296K, used 17458K [0x0000000083200000, 0x0000000100000000)
  region size 1024K, 1 young (1024K), 1 survivors (1024K)
 Metaspace       used 25595K, committed 25984K, reserved 1114112K
  class space    used 3311K, committed 3520K, reserved 1048576K
}
Event: 2.723 GC heap before
{Heap before GC invocations=6 (full 0):
 garbage-first heap   total 55296K, used 37938K [0x0000000083200000, 0x0000000100000000)
  region size 1024K, 21 young (21504K), 1 survivors (1024K)
 Metaspace       used 29874K, committed 30400K, reserved 1114112K
  class space    used 3828K, committed 4096K, reserved 1048576K
}
Event: 2.726 GC heap after
{Heap after GC invocations=7 (full 0):
 garbage-first heap   total 55296K, used 18516K [0x0000000083200000, 0x0000000100000000)
  region size 1024K, 2 young (2048K), 2 survivors (2048K)
 Metaspace       used 29874K, committed 30400K, reserved 1114112K
  class space    used 3828K, committed 4096K, reserved 1048576K
}
Event: 3.060 GC heap before
{Heap before GC invocations=7 (full 0):
 garbage-first heap   total 55296K, used 40020K [0x0000000083200000, 0x0000000100000000)
  region size 1024K, 23 young (23552K), 2 survivors (2048K)
 Metaspace       used 35171K, committed 35648K, reserved 1114112K
  class space    used 4683K, committed 4928K, reserved 1048576K
}
Event: 3.063 GC heap after
{Heap after GC invocations=8 (full 0):
 garbage-first heap   total 55296K, used 19426K [0x0000000083200000, 0x0000000100000000)
  region size 1024K, 3 young (3072K), 3 survivors (3072K)
 Metaspace       used 35171K, committed 35648K, reserved 1114112K
  class space    used 4683K, committed 4928K, reserved 1048576K
}
Event: 3.095 GC heap before
{Heap before GC invocations=8 (full 0):
 garbage-first heap   total 55296K, used 20450K [0x0000000083200000, 0x0000000100000000)
  region size 1024K, 5 young (5120K), 3 survivors (3072K)
 Metaspace       used 35526K, committed 35968K, reserved 1114112K
  class space    used 4753K, committed 4992K, reserved 1048576K
}
Event: 3.097 GC heap after
{Heap after GC invocations=9 (full 0):
 garbage-first heap   total 55296K, used 19562K [0x0000000083200000, 0x0000000100000000)
  region size 1024K, 2 young (2048K), 2 survivors (2048K)
 Metaspace       used 35526K, committed 35968K, reserved 1114112K
  class space    used 4753K, committed 4992K, reserved 1048576K
}
Event: 3.532 GC heap before
{Heap before GC invocations=10 (full 0):
 garbage-first heap   total 55296K, used 41066K [0x0000000083200000, 0x0000000100000000)
  region size 1024K, 23 young (23552K), 2 survivors (2048K)
 Metaspace       used 44788K, committed 45248K, reserved 1114112K
  class space    used 5924K, committed 6144K, reserved 1048576K
}
Event: 3.535 GC heap after
{Heap after GC invocations=11 (full 0):
 garbage-first heap   total 55296K, used 21760K [0x0000000083200000, 0x0000000100000000)
  region size 1024K, 3 young (3072K), 3 survivors (3072K)
 Metaspace       used 44788K, committed 45248K, reserved 1114112K
  class space    used 5924K, committed 6144K, reserved 1048576K
}
Event: 3.550 GC heap before
{Heap before GC invocations=11 (full 0):
 garbage-first heap   total 55296K, used 22784K [0x0000000083200000, 0x0000000100000000)
  region size 1024K, 4 young (4096K), 3 survivors (3072K)
 Metaspace       used 44974K, committed 45440K, reserved 1114112K
  class space    used 5944K, committed 6144K, reserved 1048576K
}
Event: 3.553 GC heap after
{Heap after GC invocations=12 (full 0):
 garbage-first heap   total 55296K, used 21750K [0x0000000083200000, 0x0000000100000000)
  region size 1024K, 1 young (1024K), 1 survivors (1024K)
 Metaspace       used 44974K, committed 45440K, reserved 1114112K
  class space    used 5944K, committed 6144K, reserved 1048576K
}
Event: 3.922 GC heap before
{Heap before GC invocations=12 (full 0):
 garbage-first heap   total 55296K, used 41206K [0x0000000083200000, 0x0000000100000000)
  region size 1024K, 21 young (21504K), 1 survivors (1024K)
 Metaspace       used 49726K, committed 50240K, reserved 1114112K
  class space    used 6481K, committed 6720K, reserved 1048576K
}

Deoptimization events (20 events):
Event: 3.527 Thread 0x0000023a74dbc3c0 Uncommon trap: trap_request=0xffffffbe fr.pc=0x0000023a07d4159c relative=0x000000000000085c
Event: 3.527 Thread 0x0000023a74dbc3c0 Uncommon trap: reason=profile_predicate action=maybe_recompile pc=0x0000023a07d4159c method=java.lang.PublicMethods$MethodList.filter([Ljava/lang/reflect/Method;Ljava/lang/String;[Ljava/lang/Class;Z)Ljava/lang/PublicMethods$MethodList; @ 21 c2
Event: 3.527 Thread 0x0000023a74dbc3c0 DEOPT PACKING pc=0x0000023a07d4159c sp=0x00000074f41fcd40
Event: 3.527 Thread 0x0000023a74dbc3c0 DEOPT UNPACKING pc=0x0000023a07585ba3 sp=0x00000074f41fccf8 mode 2
Event: 3.540 Thread 0x0000023a5a3959e0 Uncommon trap: trap_request=0xffffffcc fr.pc=0x0000023a07d44768 relative=0x0000000000000348
Event: 3.540 Thread 0x0000023a5a3959e0 Uncommon trap: reason=intrinsic_or_type_checked_inlining action=make_not_entrant pc=0x0000023a07d44768 method=java.util.Arrays.copyOf([Ljava/lang/Object;ILjava/lang/Class;)[Ljava/lang/Object; @ 35 c2
Event: 3.540 Thread 0x0000023a5a3959e0 DEOPT PACKING pc=0x0000023a07d44768 sp=0x00000074f64fe7d0
Event: 3.540 Thread 0x0000023a5a3959e0 DEOPT UNPACKING pc=0x0000023a07585ba3 sp=0x00000074f64fe760 mode 2
Event: 3.553 Thread 0x0000023a5a3959e0 DEOPT PACKING pc=0x0000023a008e8671 sp=0x00000074f64fde00
Event: 3.553 Thread 0x0000023a5a3959e0 DEOPT UNPACKING pc=0x0000023a075866e3 sp=0x00000074f64fd230 mode 0
Event: 3.555 Thread 0x0000023a5a3959e0 Uncommon trap: trap_request=0xffffff6e fr.pc=0x0000023a07d31bf4 relative=0x0000000000000274
Event: 3.555 Thread 0x0000023a5a3959e0 Uncommon trap: reason=loop_limit_check action=maybe_recompile pc=0x0000023a07d31bf4 method=java.math.BigInteger.implMulAdd([I[IIII)I @ 26 c2
Event: 3.555 Thread 0x0000023a5a3959e0 DEOPT PACKING pc=0x0000023a07d31bf4 sp=0x00000074f64fdc10
Event: 3.555 Thread 0x0000023a5a3959e0 DEOPT UNPACKING pc=0x0000023a07585ba3 sp=0x00000074f64fdb60 mode 2
Event: 3.563 Thread 0x0000023a5a3959e0 DEOPT PACKING pc=0x0000023a008e8671 sp=0x00000074f64fdf60
Event: 3.563 Thread 0x0000023a5a3959e0 DEOPT UNPACKING pc=0x0000023a075866e3 sp=0x00000074f64fd390 mode 0
Event: 3.564 Thread 0x0000023a5a3959e0 DEOPT PACKING pc=0x0000023a008e8671 sp=0x00000074f64fddd0
Event: 3.564 Thread 0x0000023a5a3959e0 DEOPT UNPACKING pc=0x0000023a075866e3 sp=0x00000074f64fd200 mode 0
Event: 3.922 Thread 0x0000023a5a3959e0 DEOPT PACKING pc=0x0000023a008ef755 sp=0x00000074f64fdd40
Event: 3.922 Thread 0x0000023a5a3959e0 DEOPT UNPACKING pc=0x0000023a075866e3 sp=0x00000074f64fd1c8 mode 0

Classes unloaded (0 events):
No events

Classes redefined (0 events):
No events

Internal exceptions (20 events):
Event: 2.321 Thread 0x0000023a74dbc3c0 Exception <a 'java/lang/NoSuchMethodError'{0x000000008492b9b0}: 'java.lang.Object java.lang.invoke.Invokers$Holder.linkToTargetMethod(java.lang.Object, java.lang.Object, int, java.lang.Object)'> (0x000000008492b9b0) 
thrown [s\open\src\hotspot\share\interpreter\linkResolver.cpp, line 759]
Event: 2.391 Thread 0x0000023a74dbc3c0 Exception <a 'java/lang/NoSuchMethodError'{0x000000008afe6778}: 'java.lang.Object java.lang.invoke.DirectMethodHandle$Holder.invokeStaticInit(java.lang.Object, int, int, int, int)'> (0x000000008afe6778) 
thrown [s\open\src\hotspot\share\interpreter\linkResolver.cpp, line 759]
Event: 2.446 Thread 0x0000023a74dbc3c0 Exception <a 'java/lang/NoSuchMethodError'{0x0000000087bb3af8}: 'java.lang.Object java.lang.invoke.DirectMethodHandle$Holder.invokeStaticInit(java.lang.Object, java.lang.Object, int, int, int, int)'> (0x0000000087bb3af8) 
thrown [s\open\src\hotspot\share\interpreter\linkResolver.cpp, line 759]
Event: 2.540 Thread 0x0000023a74dbc3c0 Exception <a 'java/io/FileNotFoundException'{0x00000000876ddbd8}> (0x00000000876ddbd8) 
thrown [s\open\src\hotspot\share\prims\jni.cpp, line 516]
Event: 2.575 Thread 0x0000023a74dbc3c0 Exception <a 'java/lang/NoSuchMethodError'{0x0000000085d5f680}: 'int java.lang.invoke.DirectMethodHandle$Holder.invokeInterface(java.lang.Object, java.lang.Object, java.lang.Object, java.lang.Object)'> (0x0000000085d5f680) 
thrown [s\open\src\hotspot\share\interpreter\linkResolver.cpp, line 759]
Event: 2.608 Thread 0x0000023a74dbc3c0 Exception <a 'java/lang/NoSuchMethodError'{0x0000000085b60d38}: 'long java.lang.invoke.DirectMethodHandle$Holder.invokeVirtual(java.lang.Object, java.lang.Object)'> (0x0000000085b60d38) 
thrown [s\open\src\hotspot\share\interpreter\linkResolver.cpp, line 759]
Event: 2.684 Thread 0x0000023a74dbc3c0 Implicit null exception at 0x0000023a07c4310f to 0x0000023a07c434c4
Event: 2.687 Thread 0x0000023a74dbc3c0 Exception <a 'sun/nio/fs/WindowsException'{0x000000008541a860}> (0x000000008541a860) 
thrown [s\open\src\hotspot\share\prims\jni.cpp, line 516]
Event: 2.721 Thread 0x0000023a74dbc3c0 Exception <a 'java/lang/NoSuchMethodError'{0x00000000853c28f0}: 'java.lang.Object java.lang.invoke.Invokers$Holder.invoke_MT(java.lang.Object, java.lang.Object, java.lang.Object)'> (0x00000000853c28f0) 
thrown [s\open\src\hotspot\share\interpreter\linkResolver.cpp, line 759]
Event: 3.130 Thread 0x0000023a74dbc3c0 Exception <a 'java/lang/NoSuchMethodError'{0x00000000879584e0}: 'int java.lang.invoke.DirectMethodHandle$Holder.invokeStatic(java.lang.Object)'> (0x00000000879584e0) 
thrown [s\open\src\hotspot\share\interpreter\linkResolver.cpp, line 759]
Event: 3.137 Thread 0x0000023a74dbc3c0 Implicit null exception at 0x0000023a07c43d05 to 0x0000023a07c44364
Event: 3.268 Thread 0x0000023a74dbc3c0 Exception <a 'sun/nio/fs/WindowsException'{0x0000000085b79648}> (0x0000000085b79648) 
thrown [s\open\src\hotspot\share\prims\jni.cpp, line 516]
Event: 3.277 Thread 0x0000023a74dbc3c0 Exception <a 'java/lang/NoSuchMethodError'{0x0000000085b9c358}: 'int java.lang.invoke.DirectMethodHandle$Holder.invokeStaticInit(java.lang.Object, java.lang.Object, java.lang.Object, java.lang.Object)'> (0x0000000085b9c358) 
thrown [s\open\src\hotspot\share\interpreter\linkResolver.cpp, line 759]
Event: 3.469 Thread 0x0000023a74dbc3c0 Exception <a 'java/lang/NoSuchMethodError'{0x000000008551b290}: 'java.lang.Object java.lang.invoke.DirectMethodHandle$Holder.invokeStaticInit(java.lang.Object, java.lang.Object, java.lang.Object, java.lang.Object)'> (0x000000008551b290) 
thrown [s\open\src\hotspot\share\interpreter\linkResolver.cpp, line 759]
Event: 3.475 Thread 0x0000023a74dbc3c0 Exception <a 'java/lang/NoSuchMethodError'{0x00000000855d6bd0}: 'java.lang.Object java.lang.invoke.DirectMethodHandle$Holder.invokeSpecial(java.lang.Object, java.lang.Object, long, java.lang.Object, java.lang.Object, java.lang.Object, java.lang.Object, java.lang.Object, java.lang.Object, java.lang.Object)'> (0x00000000855d6bd0) 
thrown [s\open\src\hotspot\share\interpreter\linkResolver.cpp, line 759]
Event: 3.476 Thread 0x0000023a74dbc3c0 Exception <a 'java/lang/NoSuchMethodError'{0x00000000855db6e0}: 'java.lang.Object java.lang.invoke.DelegatingMethodHandle$Holder.reinvoke_L(java.lang.Object, long, java.lang.Object, java.lang.Object, java.lang.Object, java.lang.Object, java.lang.Object, java.lang.Object, java.lang.Object)'> (0x00000000855db6e0) 
thrown [s\open\src\hotspot\share\interpreter\linkResolver.cpp, line 759]
Event: 3.476 Thread 0x0000023a74dbc3c0 Exception <a 'java/lang/NoSuchMethodError'{0x00000000855f2a58}: 'java.lang.Object java.lang.invoke.Invokers$Holder.linkToTargetMethod(java.lang.Object, java.lang.Object, java.lang.Object, java.lang.Object, java.lang.Object, java.lang.Object, java.lang.Object, java.lang.Object)'> (0x00000000855f2a58) 
thrown [s\open\src\hotspot\share\interpreter\linkResolver.cpp, line 759]
Event: 3.859 Thread 0x0000023a74dbc3c0 Exception <a 'java/lang/IncompatibleClassChangeError'{0x0000000085738c10}: Found class java.lang.Object, but interface was expected> (0x0000000085738c10) 
thrown [s\open\src\hotspot\share\interpreter\linkResolver.cpp, line 826]
Event: 3.871 Thread 0x0000023a74dbc3c0 Exception <a 'java/lang/NoSuchMethodError'{0x0000000085605098}: 'java.lang.Object java.lang.invoke.DirectMethodHandle$Holder.invokeStatic(java.lang.Object, java.lang.Object, int, java.lang.Object)'> (0x0000000085605098) 
thrown [s\open\src\hotspot\share\interpreter\linkResolver.cpp, line 759]
Event: 3.871 Thread 0x0000023a74dbc3c0 Exception <a 'java/lang/NoSuchMethodError'{0x0000000085608b30}: 'java.lang.Object java.lang.invoke.DirectMethodHandle$Holder.invokeStaticInit(java.lang.Object, java.lang.Object, int, java.lang.Object)'> (0x0000000085608b30) 
thrown [s\open\src\hotspot\share\interpreter\linkResolver.cpp, line 759]

VM Operations (20 events):
Event: 3.063 Executing VM operation: G1CollectForAllocation done
Event: 3.095 Executing VM operation: CollectForMetadataAllocation
Event: 3.097 Executing VM operation: CollectForMetadataAllocation done
Event: 3.109 Executing VM operation: G1Concurrent
Event: 3.111 Executing VM operation: G1Concurrent done
Event: 3.117 Executing VM operation: G1Concurrent
Event: 3.117 Executing VM operation: G1Concurrent done
Event: 3.245 Executing VM operation: HandshakeAllThreads
Event: 3.245 Executing VM operation: HandshakeAllThreads done
Event: 3.269 Executing VM operation: HandshakeAllThreads
Event: 3.269 Executing VM operation: HandshakeAllThreads done
Event: 3.274 Executing VM operation: HandshakeAllThreads
Event: 3.274 Executing VM operation: HandshakeAllThreads done
Event: 3.377 Executing VM operation: HandshakeAllThreads
Event: 3.377 Executing VM operation: HandshakeAllThreads done
Event: 3.532 Executing VM operation: G1CollectForAllocation
Event: 3.535 Executing VM operation: G1CollectForAllocation done
Event: 3.550 Executing VM operation: G1CollectForAllocation
Event: 3.553 Executing VM operation: G1CollectForAllocation done
Event: 3.922 Executing VM operation: G1CollectForAllocation

Events (20 events):
Event: 3.699 loading class java/util/stream/ReduceOps$1ReducingSink
Event: 3.699 loading class java/util/stream/ReduceOps$1ReducingSink done
Event: 3.785 loading class javax/naming/RefAddr
Event: 3.785 loading class javax/naming/RefAddr done
Event: 3.785 loading class javax/naming/StringRefAddr
Event: 3.785 loading class javax/naming/StringRefAddr done
Event: 3.804 loading class jdk/internal/reflect/UnsafeQualifiedStaticObjectFieldAccessorImpl
Event: 3.805 loading class jdk/internal/reflect/UnsafeQualifiedStaticObjectFieldAccessorImpl done
Event: 3.808 loading class java/util/concurrent/CompletionStage
Event: 3.808 loading class java/util/concurrent/CompletionStage done
Event: 3.809 loading class java/util/concurrent/CompletableFuture
Event: 3.809 loading class java/util/concurrent/CompletableFuture done
Event: 3.809 loading class java/util/concurrent/CompletableFuture$AltResult
Event: 3.810 loading class java/util/concurrent/CompletableFuture$AltResult done
Event: 3.810 loading class java/util/concurrent/CompletableFuture$Completion
Event: 3.810 loading class java/util/concurrent/CompletableFuture$AsynchronousCompletionTask
Event: 3.810 loading class java/util/concurrent/CompletableFuture$AsynchronousCompletionTask done
Event: 3.810 loading class java/util/concurrent/CompletableFuture$Completion done
Event: 3.852 loading class java/util/concurrent/CancellationException
Event: 3.852 loading class java/util/concurrent/CancellationException done


Dynamic libraries:
0x00007ff7fe140000 - 0x00007ff7fe150000 	C:\Program Files\Java\jdk-17\bin\java.exe
0x00007ffdc27b0000 - 0x00007ffdc29c7000 	C:\WINDOWS\SYSTEM32\ntdll.dll
0x00007ffdc1dd0000 - 0x00007ffdc1e94000 	C:\WINDOWS\System32\KERNEL32.DLL
0x00007ffdbfec0000 - 0x00007ffdc0293000 	C:\WINDOWS\System32\KERNELBASE.dll
0x00007ffdc02a0000 - 0x00007ffdc03b1000 	C:\WINDOWS\System32\ucrtbase.dll
0x00007ffd97b30000 - 0x00007ffd97b49000 	C:\Program Files\Java\jdk-17\bin\jli.dll
0x00007ffd995d0000 - 0x00007ffd995eb000 	C:\Program Files\Java\jdk-17\bin\VCRUNTIME140.dll
0x00007ffdc08c0000 - 0x00007ffdc0971000 	C:\WINDOWS\System32\ADVAPI32.dll
0x00007ffdc21b0000 - 0x00007ffdc2257000 	C:\WINDOWS\System32\msvcrt.dll
0x00007ffdc0d80000 - 0x00007ffdc0e27000 	C:\WINDOWS\System32\sechost.dll
0x00007ffdbfe90000 - 0x00007ffdbfeb8000 	C:\WINDOWS\System32\bcrypt.dll
0x00007ffdc1ea0000 - 0x00007ffdc1fb4000 	C:\WINDOWS\System32\RPCRT4.dll
0x00007ffdc25b0000 - 0x00007ffdc2761000 	C:\WINDOWS\System32\USER32.dll
0x00007ffd98490000 - 0x00007ffd9872b000 	C:\WINDOWS\WinSxS\amd64_microsoft.windows.common-controls_6595b64144ccf1df_6.0.22621.5262_none_2712bde373830908\COMCTL32.dll
0x00007ffdbfe60000 - 0x00007ffdbfe86000 	C:\WINDOWS\System32\win32u.dll
0x00007ffdc07e0000 - 0x00007ffdc0809000 	C:\WINDOWS\System32\GDI32.dll
0x00007ffdbfcb0000 - 0x00007ffdbfdd2000 	C:\WINDOWS\System32\gdi32full.dll
0x00007ffdbf8a0000 - 0x00007ffdbf93a000 	C:\WINDOWS\System32\msvcp_win.dll
0x00007ffdb9df0000 - 0x00007ffdb9dfa000 	C:\WINDOWS\SYSTEM32\VERSION.dll
0x00007ffdc2270000 - 0x00007ffdc22a1000 	C:\WINDOWS\System32\IMM32.DLL
0x00007ffda5810000 - 0x00007ffda581c000 	C:\Program Files\Java\jdk-17\bin\vcruntime140_1.dll
0x00007ffd86400000 - 0x00007ffd8648e000 	C:\Program Files\Java\jdk-17\bin\msvcp140.dll
0x00007ffd47a30000 - 0x00007ffd48611000 	C:\Program Files\Java\jdk-17\bin\server\jvm.dll
0x00007ffdc2260000 - 0x00007ffdc2268000 	C:\WINDOWS\System32\PSAPI.DLL
0x00007ffdb9fe0000 - 0x00007ffdba014000 	C:\WINDOWS\SYSTEM32\WINMM.dll
0x00007ffd9f450000 - 0x00007ffd9f459000 	C:\WINDOWS\SYSTEM32\WSOCK32.dll
0x00007ffdc1d50000 - 0x00007ffdc1dc1000 	C:\WINDOWS\System32\WS2_32.dll
0x00007ffdbe8a0000 - 0x00007ffdbe8b8000 	C:\WINDOWS\SYSTEM32\kernel.appcore.dll
0x00007ffda0550000 - 0x00007ffda055a000 	C:\Program Files\Java\jdk-17\bin\jimage.dll
0x00007ffdbd1d0000 - 0x00007ffdbd402000 	C:\WINDOWS\SYSTEM32\DBGHELP.DLL
0x00007ffdc0440000 - 0x00007ffdc07d3000 	C:\WINDOWS\System32\combase.dll
0x00007ffdc1fc0000 - 0x00007ffdc2097000 	C:\WINDOWS\System32\OLEAUT32.dll
0x00007ffdb70e0000 - 0x00007ffdb7112000 	C:\WINDOWS\SYSTEM32\dbgcore.DLL
0x00007ffdbfde0000 - 0x00007ffdbfe5b000 	C:\WINDOWS\System32\bcryptPrimitives.dll
0x00007ffda01c0000 - 0x00007ffda01ce000 	C:\Program Files\Java\jdk-17\bin\instrument.dll
0x00007ffd8e580000 - 0x00007ffd8e5a5000 	C:\Program Files\Java\jdk-17\bin\java.dll
0x00007ffd7e210000 - 0x00007ffd7e2e7000 	C:\Program Files\Java\jdk-17\bin\jsvml.dll
0x00007ffdc0e30000 - 0x00007ffdc16cd000 	C:\WINDOWS\System32\SHELL32.dll
0x00007ffdbfb70000 - 0x00007ffdbfcaf000 	C:\WINDOWS\System32\wintypes.dll
0x00007ffdbd790000 - 0x00007ffdbe0ad000 	C:\WINDOWS\SYSTEM32\windows.storage.dll
0x00007ffdc0980000 - 0x00007ffdc0a8b000 	C:\WINDOWS\System32\SHCORE.dll
0x00007ffdc2520000 - 0x00007ffdc2586000 	C:\WINDOWS\System32\shlwapi.dll
0x00007ffdbf7d0000 - 0x00007ffdbf7fb000 	C:\WINDOWS\SYSTEM32\profapi.dll
0x00007ffd96e90000 - 0x00007ffd96ea8000 	C:\Program Files\Java\jdk-17\bin\zip.dll
0x00007ffd938e0000 - 0x00007ffd938f9000 	C:\Program Files\Java\jdk-17\bin\net.dll
0x00007ffdbae50000 - 0x00007ffdbaf7c000 	C:\WINDOWS\SYSTEM32\WINHTTP.dll
0x00007ffdbed10000 - 0x00007ffdbed7a000 	C:\WINDOWS\system32\mswsock.dll
0x00007ffd92ba0000 - 0x00007ffd92bb6000 	C:\Program Files\Java\jdk-17\bin\nio.dll
0x00007ffd923d0000 - 0x00007ffd923ea000 	D:\.Intellij\IntelliJ IDEA Community Edition 2024.2.0.2\bin\breakgen64.dll
0x00007ffd99b40000 - 0x00007ffd99b4e000 	C:\Program Files\Java\jdk-17\bin\sunmscapi.dll
0x00007ffdbf940000 - 0x00007ffdbfaa7000 	C:\WINDOWS\System32\CRYPT32.dll
0x00007ffdbf150000 - 0x00007ffdbf17d000 	C:\WINDOWS\SYSTEM32\ncrypt.dll
0x00007ffdbf110000 - 0x00007ffdbf147000 	C:\WINDOWS\SYSTEM32\NTASN1.dll
0x00007ffdbf060000 - 0x00007ffdbf07b000 	C:\WINDOWS\SYSTEM32\CRYPTSP.dll
0x00007ffdbe800000 - 0x00007ffdbe837000 	C:\WINDOWS\system32\rsaenh.dll
0x00007ffdbedb0000 - 0x00007ffdbedd8000 	C:\WINDOWS\SYSTEM32\USERENV.dll
0x00007ffdbf040000 - 0x00007ffdbf04c000 	C:\WINDOWS\SYSTEM32\CRYPTBASE.dll
0x00007ffdbe310000 - 0x00007ffdbe33d000 	C:\WINDOWS\SYSTEM32\IPHLPAPI.DLL
0x00007ffdc0cb0000 - 0x00007ffdc0cb9000 	C:\WINDOWS\System32\NSI.dll
0x00007ffdba550000 - 0x00007ffdba569000 	C:\WINDOWS\SYSTEM32\dhcpcsvc6.DLL
0x00007ffdba4c0000 - 0x00007ffdba4df000 	C:\WINDOWS\SYSTEM32\dhcpcsvc.DLL
0x00007ffdbe380000 - 0x00007ffdbe478000 	C:\WINDOWS\SYSTEM32\DNSAPI.dll
0x00007ffd9a9f0000 - 0x00007ffd9a9fa000 	C:\Program Files\Java\jdk-17\bin\management.dll
0x00007ffd9a870000 - 0x00007ffd9a87b000 	C:\Program Files\Java\jdk-17\bin\management_ext.dll
0x00007ffd95e50000 - 0x00007ffd95e60000 	C:\Program Files\Java\jdk-17\bin\verify.dll
0x00007ffdb73c0000 - 0x00007ffdb73ca000 	C:\Windows\System32\rasadhlp.dll
0x00007ffdb91d0000 - 0x00007ffdb9253000 	C:\WINDOWS\System32\fwpuclnt.dll

dbghelp: loaded successfully - version: 4.0.5 - missing functions: none
symbol engine: initialized successfully - sym options: 0x614 - pdb path: .;C:\Program Files\Java\jdk-17\bin;C:\WINDOWS\SYSTEM32;C:\WINDOWS\WinSxS\amd64_microsoft.windows.common-controls_6595b64144ccf1df_6.0.22621.5262_none_2712bde373830908;C:\Program Files\Java\jdk-17\bin\server;D:\.Intellij\IntelliJ IDEA Community Edition 2024.2.0.2\bin

VM Arguments:
jvm_args: -javaagent:D:\.Intellij\IntelliJ IDEA Community Edition 2024.2.0.2\lib\idea_rt.jar=28904:D:\.Intellij\IntelliJ IDEA Community Edition 2024.2.0.2\bin -Dfile.encoding=UTF-8 
java_command: com.website.RRE.RreApplication
java_class_path (initial): D:\.Downloads\RRE\target\classes;C:\Users\user\.m2\repository\org\springframework\boot\spring-boot-starter-data-jpa\3.4.3\spring-boot-starter-data-jpa-3.4.3.jar;C:\Users\user\.m2\repository\org\springframework\boot\spring-boot-starter\3.4.3\spring-boot-starter-3.4.3.jar;C:\Users\user\.m2\repository\org\springframework\boot\spring-boot\3.4.3\spring-boot-3.4.3.jar;C:\Users\user\.m2\repository\org\springframework\boot\spring-boot-autoconfigure\3.4.3\spring-boot-autoconfigure-3.4.3.jar;C:\Users\user\.m2\repository\org\springframework\boot\spring-boot-starter-logging\3.4.3\spring-boot-starter-logging-3.4.3.jar;C:\Users\user\.m2\repository\ch\qos\logback\logback-classic\1.5.16\logback-classic-1.5.16.jar;C:\Users\user\.m2\repository\ch\qos\logback\logback-core\1.5.16\logback-core-1.5.16.jar;C:\Users\user\.m2\repository\org\apache\logging\log4j\log4j-to-slf4j\2.24.3\log4j-to-slf4j-2.24.3.jar;C:\Users\user\.m2\repository\org\apache\logging\log4j\log4j-api\2.24.3\log4j-api-2.24.3.jar;C:\Users\user\.m2\repository\org\slf4j\jul-to-slf4j\2.0.16\jul-to-slf4j-2.0.16.jar;C:\Users\user\.m2\repository\jakarta\annotation\jakarta.annotation-api\2.1.1\jakarta.annotation-api-2.1.1.jar;C:\Users\user\.m2\repository\org\yaml\snakeyaml\2.3\snakeyaml-2.3.jar;C:\Users\user\.m2\repository\org\springframework\boot\spring-boot-starter-jdbc\3.4.3\spring-boot-starter-jdbc-3.4.3.jar;C:\Users\user\.m2\repository\com\zaxxer\HikariCP\5.1.0\HikariCP-5.1.0.jar;C:\Users\user\.m2\repository\org\springframework\spring-jdbc\6.2.3\spring-jdbc-6.2.3.jar;C:\Users\user\.m2\repository\org\hibernate\orm\hibernate-core\6.6.8.Final\hibernate-core-6.6.8.Final.jar;C:\Users\user\.m2\repository\jakarta\persistence\jakarta.persistence-api\3.1.0\jakarta.persistence-api-3.1.0.jar;C:\Users\user\.m2\repository\jakarta\transaction\jakarta.transaction-api\2.0.1\jakarta.transaction-api-2.0.1.jar;C:\Users\user\.m2\repository\org\jboss\logging\jboss-logging\3.6.1.Final\jboss-logging-3.6.1.Final.jar;C:
Launcher Type: SUN_STANDARD

[Global flags]
     intx CICompilerCount                          = 4                                         {product} {ergonomic}
     uint ConcGCThreads                            = 2                                         {product} {ergonomic}
     uint G1ConcRefinementThreads                  = 8                                         {product} {ergonomic}
   size_t G1HeapRegionSize                         = 1048576                                   {product} {ergonomic}
    uintx GCDrainStackTargetSize                   = 64                                        {product} {ergonomic}
   size_t InitialHeapSize                          = 132120576                                 {product} {ergonomic}
   size_t MarkStackSize                            = 4194304                                   {product} {ergonomic}
   size_t MaxHeapSize                              = 2095054848                                {product} {ergonomic}
   size_t MaxNewSize                               = 1256194048                                {product} {ergonomic}
   size_t MinHeapDeltaBytes                        = 1048576                                   {product} {ergonomic}
   size_t MinHeapSize                              = 8388608                                   {product} {ergonomic}
    uintx NonNMethodCodeHeapSize                   = 5839372                                {pd product} {ergonomic}
    uintx NonProfiledCodeHeapSize                  = 122909434                              {pd product} {ergonomic}
    uintx ProfiledCodeHeapSize                     = 122909434                              {pd product} {ergonomic}
    uintx ReservedCodeCacheSize                    = 251658240                              {pd product} {ergonomic}
     bool SegmentedCodeCache                       = true                                      {product} {ergonomic}
   size_t SoftMaxHeapSize                          = 2095054848                             {manageable} {ergonomic}
     bool UseCompressedClassPointers               = true                           {product lp64_product} {ergonomic}
     bool UseCompressedOops                        = true                           {product lp64_product} {ergonomic}
     bool UseG1GC                                  = true                                      {product} {ergonomic}
     bool UseLargePagesIndividualAllocation        = false                                  {pd product} {ergonomic}

Logging:
Log output configuration:
 #0: stdout all=warning uptime,level,tags
 #1: stderr all=off uptime,level,tags

Environment Variables:
PATH=C:\Program Files\Java\jdk-17\bin;C:\Program Files (x86)\Common Files\Oracle\Java\javapath;C:\Program Files\Common Files\Oracle\Java\javapath;D:\app\User_oracle\product\12.2.0\client_1\bin;D:\php-8.3.10;C:\Program Files (x86)\Common Files\Intel\Shared Libraries\redist\intel64\compiler;C:\Program Files\Microsoft\jdk-11.0.12.7-hotspot\bin;C:\Windows\system32;C:\Windows;C:\Windows\System32\Wbem;C:\Windows\System32\WindowsPowerShell\v1.0\;C:\Windows\System32\OpenSSH\;C:\Program Files\Microsoft SQL Server\150\Tools\Binn\;C:\Program Files\Microsoft SQL Server\Client SDK\ODBC\170\Tools\Binn\;C:\Program Files\dotnet\;C:\ProgramData\chocolatey\bin;C:\Program Files\gs\gs10.00.0\bin;C:\Program Files\gs\gs10.00.0\lib;C:\WINDOWS\system32;C:\WINDOWS;C:\WINDOWS\System32\Wbem;C:\WINDOWS\System32\WindowsPowerShell\v1.0\;C:\WINDOWS\System32\OpenSSH\;C:\Program Files\PuTTY\;D:\apache-maven-3.9.9\bin;C:\ProgramData\ComposerSetup\bin;C:\Program Files\nodejs\;C:\Program Files\Git\cmd;C:\Program Files\TortoiseGit\bin;C:\Users\user\AppData\Local\Programs\Python\Python311\Scripts\;C:\Users\user\AppData\Local\Programs\Python\Python311\;C:\Program Files\MySQL\MySQL Shell 8.0\bin\;C:\Users\user\AppData\Local\Microsoft\WindowsApps;C:\Users\user\AppData\Local\Programs\Microsoft VS Code\bin;C:\Users\user\.dotnet\tools;C:\ProgramData\user\atom\bin;C:\Program Files\Inkscape\bin;C:\Users\user\AppData\Local\GitHubDesktop\bin;C:\Users\user\AppData\Local\Microsoft\WindowsApps;D:\.Intellij\IntelliJ IDEA Community Edition 2024.2.0.2\bin;C:\Users\user\AppData\Roaming\Composer\vendor\bin;C:\Users\user\AppData\Roaming\npm;C:\Program Files (x86)\Nmap
USERNAME=user
OS=Windows_NT
PROCESSOR_IDENTIFIER=Intel64 Family 6 Model 140 Stepping 1, GenuineIntel



---------------  S Y S T E M  ---------------

OS:
 Windows 11 , 64 bit Build 22621 (10.0.22621.5262)
OS uptime: 0 days 22:03 hours
Hyper-V role detected

CPU: total 8 (initial active 8) (4 cores per cpu, 2 threads per core) family 6 model 140 stepping 1 microcode 0x8a, cx8, cmov, fxsr, ht, mmx, 3dnowpref, sse, sse2, sse3, ssse3, sse4.1, sse4.2, popcnt, lzcnt, tsc, tscinvbit, avx, avx2, aes, erms, clmul, bmi1, bmi2, adx, avx512f, avx512dq, avx512cd, avx512bw, avx512vl, sha, fma, vzeroupper, avx512_vpopcntdq, avx512_vpclmulqdq, avx512_vaes, avx512_vnni, clflush, clflushopt, clwb, avx512_vbmi2, avx512_vbmi, hv

Memory: 4k page, system-wide physical 7991M (273M free)
TotalPageFile size 13566M (AvailPageFile size 23M)
current process WorkingSet (physical memory assigned to process): 207M, peak: 210M
current process commit charge ("private bytes"): 267M, peak: 299M

vm_info: Java HotSpot(TM) 64-Bit Server VM (17.0.14+8-LTS-191) for windows-amd64 JRE (17.0.14+8-LTS-191), built on Dec  3 2024 11:07:59 by "mach5one" with MS VC++ 17.6 (VS2022)

END.
